03-Jan-2019 15:54:07.571 정보 [main] org.apache.catalina.startup.VersionLoggerListener.log Server version:        Apache Tomcat/8.5.37
03-Jan-2019 15:54:07.578 정보 [main] org.apache.catalina.startup.VersionLoggerListener.log Server built:          Dec 12 2018 12:07:02 UTC
03-Jan-2019 15:54:07.579 정보 [main] org.apache.catalina.startup.VersionLoggerListener.log Server number:         8.5.37.0
03-Jan-2019 15:54:07.579 정보 [main] org.apache.catalina.startup.VersionLoggerListener.log OS Name:               Mac OS X
03-Jan-2019 15:54:07.579 정보 [main] org.apache.catalina.startup.VersionLoggerListener.log OS Version:            10.14
03-Jan-2019 15:54:07.580 정보 [main] org.apache.catalina.startup.VersionLoggerListener.log Architecture:          x86_64
03-Jan-2019 15:54:07.580 정보 [main] org.apache.catalina.startup.VersionLoggerListener.log Java Home:             /Library/Java/JavaVirtualMachines/jdk1.8.0_191.jdk/Contents/Home/jre
03-Jan-2019 15:54:07.580 정보 [main] org.apache.catalina.startup.VersionLoggerListener.log JVM Version:           1.8.0_191-b12
03-Jan-2019 15:54:07.580 정보 [main] org.apache.catalina.startup.VersionLoggerListener.log JVM Vendor:            Oracle Corporation
03-Jan-2019 15:54:07.580 정보 [main] org.apache.catalina.startup.VersionLoggerListener.log CATALINA_BASE:         /Users/kimyosub/eclipse-workspace/JSP/apache-tomcat-8.5.37
03-Jan-2019 15:54:07.580 정보 [main] org.apache.catalina.startup.VersionLoggerListener.log CATALINA_HOME:         /Users/kimyosub/eclipse-workspace/JSP/apache-tomcat-8.5.37
03-Jan-2019 15:54:07.581 정보 [main] org.apache.catalina.startup.VersionLoggerListener.log Command line argument: -Djava.util.logging.config.file=/Users/kimyosub/eclipse-workspace/JSP/apache-tomcat-8.5.37/conf/logging.properties
03-Jan-2019 15:54:07.582 정보 [main] org.apache.catalina.startup.VersionLoggerListener.log Command line argument: -Djava.util.logging.manager=org.apache.juli.ClassLoaderLogManager
03-Jan-2019 15:54:07.582 정보 [main] org.apache.catalina.startup.VersionLoggerListener.log Command line argument: -Djdk.tls.ephemeralDHKeySize=2048
03-Jan-2019 15:54:07.582 정보 [main] org.apache.catalina.startup.VersionLoggerListener.log Command line argument: -Djava.protocol.handler.pkgs=org.apache.catalina.webresources
03-Jan-2019 15:54:07.582 정보 [main] org.apache.catalina.startup.VersionLoggerListener.log Command line argument: -Dorg.apache.catalina.security.SecurityListener.UMASK=0027
03-Jan-2019 15:54:07.582 정보 [main] org.apache.catalina.startup.VersionLoggerListener.log Command line argument: -Dignore.endorsed.dirs=
03-Jan-2019 15:54:07.583 정보 [main] org.apache.catalina.startup.VersionLoggerListener.log Command line argument: -Dcatalina.base=/Users/kimyosub/eclipse-workspace/JSP/apache-tomcat-8.5.37
03-Jan-2019 15:54:07.583 정보 [main] org.apache.catalina.startup.VersionLoggerListener.log Command line argument: -Dcatalina.home=/Users/kimyosub/eclipse-workspace/JSP/apache-tomcat-8.5.37
03-Jan-2019 15:54:07.583 정보 [main] org.apache.catalina.startup.VersionLoggerListener.log Command line argument: -Djava.io.tmpdir=/Users/kimyosub/eclipse-workspace/JSP/apache-tomcat-8.5.37/temp
03-Jan-2019 15:54:07.583 정보 [main] org.apache.catalina.core.AprLifecycleListener.lifecycleEvent The APR based Apache Tomcat Native library which allows optimal performance in production environments was not found on the java.library.path: [/Users/kimyosub/Library/Java/Extensions:/Library/Java/Extensions:/Network/Library/Java/Extensions:/System/Library/Java/Extensions:/usr/lib/java:.]
03-Jan-2019 15:54:07.774 정보 [main] org.apache.coyote.AbstractProtocol.init Initializing ProtocolHandler ["http-nio-8080"]
03-Jan-2019 15:54:07.804 정보 [main] org.apache.tomcat.util.net.NioSelectorPool.getSharedSelector Using a shared selector for servlet write/read
03-Jan-2019 15:54:07.829 정보 [main] org.apache.coyote.AbstractProtocol.init Initializing ProtocolHandler ["ajp-nio-8009"]
03-Jan-2019 15:54:07.831 정보 [main] org.apache.tomcat.util.net.NioSelectorPool.getSharedSelector Using a shared selector for servlet write/read
03-Jan-2019 15:54:07.832 정보 [main] org.apache.catalina.startup.Catalina.load Initialization processed in 917 ms
03-Jan-2019 15:54:07.880 정보 [main] org.apache.catalina.core.StandardService.startInternal Starting service [Catalina]
03-Jan-2019 15:54:07.880 정보 [main] org.apache.catalina.core.StandardEngine.startInternal Starting Servlet Engine: Apache Tomcat/8.5.37
03-Jan-2019 15:54:07.898 정보 [localhost-startStop-1] org.apache.catalina.startup.HostConfig.deployDirectory Deploying web application directory [/Users/kimyosub/eclipse-workspace/JSP/apache-tomcat-8.5.37/webapps/chap3]
03-Jan-2019 15:54:08.480 정보 [localhost-startStop-1] org.apache.catalina.startup.HostConfig.deployDirectory Deployment of web application directory [/Users/kimyosub/eclipse-workspace/JSP/apache-tomcat-8.5.37/webapps/chap3] has finished in [581] ms
03-Jan-2019 15:54:08.480 정보 [localhost-startStop-1] org.apache.catalina.startup.HostConfig.deployDirectory Deploying web application directory [/Users/kimyosub/eclipse-workspace/JSP/apache-tomcat-8.5.37/webapps/chap2]
03-Jan-2019 15:54:08.504 정보 [localhost-startStop-1] org.apache.catalina.startup.HostConfig.deployDirectory Deployment of web application directory [/Users/kimyosub/eclipse-workspace/JSP/apache-tomcat-8.5.37/webapps/chap2] has finished in [24] ms
03-Jan-2019 15:54:08.504 정보 [localhost-startStop-1] org.apache.catalina.startup.HostConfig.deployDirectory Deploying web application directory [/Users/kimyosub/eclipse-workspace/JSP/apache-tomcat-8.5.37/webapps/docs]
03-Jan-2019 15:54:08.531 정보 [localhost-startStop-1] org.apache.catalina.startup.HostConfig.deployDirectory Deployment of web application directory [/Users/kimyosub/eclipse-workspace/JSP/apache-tomcat-8.5.37/webapps/docs] has finished in [26] ms
03-Jan-2019 15:54:08.531 정보 [localhost-startStop-1] org.apache.catalina.startup.HostConfig.deployDirectory Deploying web application directory [/Users/kimyosub/eclipse-workspace/JSP/apache-tomcat-8.5.37/webapps/manager]
03-Jan-2019 15:54:08.577 정보 [localhost-startStop-1] org.apache.catalina.startup.HostConfig.deployDirectory Deployment of web application directory [/Users/kimyosub/eclipse-workspace/JSP/apache-tomcat-8.5.37/webapps/manager] has finished in [46] ms
03-Jan-2019 15:54:08.578 정보 [localhost-startStop-1] org.apache.catalina.startup.HostConfig.deployDirectory Deploying web application directory [/Users/kimyosub/eclipse-workspace/JSP/apache-tomcat-8.5.37/webapps/examples]
03-Jan-2019 15:54:09.233 정보 [localhost-startStop-1] org.apache.catalina.startup.HostConfig.deployDirectory Deployment of web application directory [/Users/kimyosub/eclipse-workspace/JSP/apache-tomcat-8.5.37/webapps/examples] has finished in [655] ms
03-Jan-2019 15:54:09.234 정보 [localhost-startStop-1] org.apache.catalina.startup.HostConfig.deployDirectory Deploying web application directory [/Users/kimyosub/eclipse-workspace/JSP/apache-tomcat-8.5.37/webapps/ROOT]
03-Jan-2019 15:54:09.358 정보 [localhost-startStop-1] org.apache.catalina.startup.HostConfig.deployDirectory Deployment of web application directory [/Users/kimyosub/eclipse-workspace/JSP/apache-tomcat-8.5.37/webapps/ROOT] has finished in [125] ms
03-Jan-2019 15:54:09.359 정보 [localhost-startStop-1] org.apache.catalina.startup.HostConfig.deployDirectory Deploying web application directory [/Users/kimyosub/eclipse-workspace/JSP/apache-tomcat-8.5.37/webapps/host-manager]
03-Jan-2019 15:54:09.411 정보 [localhost-startStop-1] org.apache.catalina.startup.HostConfig.deployDirectory Deployment of web application directory [/Users/kimyosub/eclipse-workspace/JSP/apache-tomcat-8.5.37/webapps/host-manager] has finished in [52] ms
03-Jan-2019 15:54:09.415 정보 [main] org.apache.coyote.AbstractProtocol.start Starting ProtocolHandler ["http-nio-8080"]
03-Jan-2019 15:54:09.430 정보 [main] org.apache.coyote.AbstractProtocol.start Starting ProtocolHandler ["ajp-nio-8009"]
03-Jan-2019 15:54:09.432 정보 [main] org.apache.catalina.startup.Catalina.start Server startup in 1600 ms
