03-Jan-2019 15:54:09.220 정보 [localhost-startStop-1] org.apache.catalina.core.ApplicationContext.log ContextListener: contextInitialized()
03-Jan-2019 15:54:09.221 정보 [localhost-startStop-1] org.apache.catalina.core.ApplicationContext.log SessionListener: contextInitialized()
03-Jan-2019 15:54:09.222 정보 [localhost-startStop-1] org.apache.catalina.core.ApplicationContext.log ContextListener: attributeAdded('StockTicker', 'async.Stockticker@33e67a66')
03-Jan-2019 15:54:15.006 심각 [http-nio-8080-exec-2] org.apache.catalina.core.StandardWrapperValve.invoke Servlet.service() for servlet [jsp] in context with path [/chap2] threw exception [Unable to compile class for JSP: 

An error occurred at line: [12] in the jsp file: [/time.jsp]
Syntax error, insert ";" to complete ReturnStatement
9: <%!  
10: public int name(int j){
11: 	int i = j;
12: 	return i
13: }
14: %>
15: 


An error occurred at line: [17] in the jsp file: [/time.jsp]
Syntax error on token "=", @ expected
14: %>
15: 
16: <body>
17: 	<% = name(5) %>
18: </body>
19: </html>


An error occurred at line: [17] in the jsp file: [/time.jsp]
Syntax error, insert "VariableDeclarators" to complete LocalVariableDeclaration
14: %>
15: 
16: <body>
17: 	<% = name(5) %>
18: </body>
19: </html>


An error occurred at line: [17] in the jsp file: [/time.jsp]
Syntax error, insert ";" to complete LocalVariableDeclarationStatement
14: %>
15: 
16: <body>
17: 	<% = name(5) %>
18: </body>
19: </html>


An error occurred at line: [17] in the jsp file: [/time.jsp]
write cannot be resolved or is not a field
14: %>
15: 
16: <body>
17: 	<% = name(5) %>
18: </body>
19: </html>


An error occurred at line: [17] in the jsp file: [/time.jsp]
Syntax error, insert "AssignmentOperator Expression" to complete Expression
14: %>
15: 
16: <body>
17: 	<% = name(5) %>
18: </body>
19: </html>


Stacktrace:] with root cause
 org.apache.jasper.JasperException: Unable to compile class for JSP: 

An error occurred at line: [12] in the jsp file: [/time.jsp]
Syntax error, insert ";" to complete ReturnStatement
9: <%!  
10: public int name(int j){
11: 	int i = j;
12: 	return i
13: }
14: %>
15: 


An error occurred at line: [17] in the jsp file: [/time.jsp]
Syntax error on token "=", @ expected
14: %>
15: 
16: <body>
17: 	<% = name(5) %>
18: </body>
19: </html>


An error occurred at line: [17] in the jsp file: [/time.jsp]
Syntax error, insert "VariableDeclarators" to complete LocalVariableDeclaration
14: %>
15: 
16: <body>
17: 	<% = name(5) %>
18: </body>
19: </html>


An error occurred at line: [17] in the jsp file: [/time.jsp]
Syntax error, insert ";" to complete LocalVariableDeclarationStatement
14: %>
15: 
16: <body>
17: 	<% = name(5) %>
18: </body>
19: </html>


An error occurred at line: [17] in the jsp file: [/time.jsp]
write cannot be resolved or is not a field
14: %>
15: 
16: <body>
17: 	<% = name(5) %>
18: </body>
19: </html>


An error occurred at line: [17] in the jsp file: [/time.jsp]
Syntax error, insert "AssignmentOperator Expression" to complete Expression
14: %>
15: 
16: <body>
17: 	<% = name(5) %>
18: </body>
19: </html>


Stacktrace:
	at org.apache.jasper.compiler.DefaultErrorHandler.javacError(DefaultErrorHandler.java:102)
	at org.apache.jasper.compiler.ErrorDispatcher.javacError(ErrorDispatcher.java:212)
	at org.apache.jasper.compiler.JDTCompiler.generateClass(JDTCompiler.java:495)
	at org.apache.jasper.compiler.Compiler.compile(Compiler.java:378)
	at org.apache.jasper.compiler.Compiler.compile(Compiler.java:350)
	at org.apache.jasper.compiler.Compiler.compile(Compiler.java:334)
	at org.apache.jasper.JspCompilationContext.compile(JspCompilationContext.java:595)
	at org.apache.jasper.servlet.JspServletWrapper.service(JspServletWrapper.java:399)
	at org.apache.jasper.servlet.JspServlet.serviceJspFile(JspServlet.java:386)
	at org.apache.jasper.servlet.JspServlet.service(JspServlet.java:330)
	at javax.servlet.http.HttpServlet.service(HttpServlet.java:742)
	at org.apache.catalina.core.ApplicationFilterChain.internalDoFilter(ApplicationFilterChain.java:231)
	at org.apache.catalina.core.ApplicationFilterChain.doFilter(ApplicationFilterChain.java:166)
	at org.apache.tomcat.websocket.server.WsFilter.doFilter(WsFilter.java:52)
	at org.apache.catalina.core.ApplicationFilterChain.internalDoFilter(ApplicationFilterChain.java:193)
	at org.apache.catalina.core.ApplicationFilterChain.doFilter(ApplicationFilterChain.java:166)
	at org.apache.catalina.core.StandardWrapperValve.invoke(StandardWrapperValve.java:198)
	at org.apache.catalina.core.StandardContextValve.invoke(StandardContextValve.java:96)
	at org.apache.catalina.authenticator.AuthenticatorBase.invoke(AuthenticatorBase.java:493)
	at org.apache.catalina.core.StandardHostValve.invoke(StandardHostValve.java:140)
	at org.apache.catalina.valves.ErrorReportValve.invoke(ErrorReportValve.java:81)
	at org.apache.catalina.valves.AbstractAccessLogValve.invoke(AbstractAccessLogValve.java:650)
	at org.apache.catalina.core.StandardEngineValve.invoke(StandardEngineValve.java:87)
	at org.apache.catalina.connector.CoyoteAdapter.service(CoyoteAdapter.java:342)
	at org.apache.coyote.http11.Http11Processor.service(Http11Processor.java:800)
	at org.apache.coyote.AbstractProcessorLight.process(AbstractProcessorLight.java:66)
	at org.apache.coyote.AbstractProtocol$ConnectionHandler.process(AbstractProtocol.java:806)
	at org.apache.tomcat.util.net.NioEndpoint$SocketProcessor.doRun(NioEndpoint.java:1498)
	at org.apache.tomcat.util.net.SocketProcessorBase.run(SocketProcessorBase.java:49)
	at java.util.concurrent.ThreadPoolExecutor.runWorker(ThreadPoolExecutor.java:1149)
	at java.util.concurrent.ThreadPoolExecutor$Worker.run(ThreadPoolExecutor.java:624)
	at org.apache.tomcat.util.threads.TaskThread$WrappingRunnable.run(TaskThread.java:61)
	at java.lang.Thread.run(Thread.java:748)

03-Jan-2019 15:54:15.009 심각 [http-nio-8080-exec-3] org.apache.catalina.core.StandardWrapperValve.invoke Servlet.service() for servlet [jsp] in context with path [/chap2] threw exception [java.lang.ClassNotFoundException: org.apache.jsp.time_jsp] with root cause
 java.lang.ClassNotFoundException: org.apache.jsp.time_jsp
	at java.net.URLClassLoader.findClass(URLClassLoader.java:382)
	at org.apache.jasper.servlet.JasperLoader.loadClass(JasperLoader.java:129)
	at org.apache.jasper.servlet.JasperLoader.loadClass(JasperLoader.java:60)
	at org.apache.catalina.core.DefaultInstanceManager.newInstance(DefaultInstanceManager.java:159)
	at org.apache.jasper.servlet.JspServletWrapper.getServlet(JspServletWrapper.java:192)
	at org.apache.jasper.servlet.JspServletWrapper.service(JspServletWrapper.java:413)
	at org.apache.jasper.servlet.JspServlet.serviceJspFile(JspServlet.java:386)
	at org.apache.jasper.servlet.JspServlet.service(JspServlet.java:330)
	at javax.servlet.http.HttpServlet.service(HttpServlet.java:742)
	at org.apache.catalina.core.ApplicationFilterChain.internalDoFilter(ApplicationFilterChain.java:231)
	at org.apache.catalina.core.ApplicationFilterChain.doFilter(ApplicationFilterChain.java:166)
	at org.apache.tomcat.websocket.server.WsFilter.doFilter(WsFilter.java:52)
	at org.apache.catalina.core.ApplicationFilterChain.internalDoFilter(ApplicationFilterChain.java:193)
	at org.apache.catalina.core.ApplicationFilterChain.doFilter(ApplicationFilterChain.java:166)
	at org.apache.catalina.core.StandardWrapperValve.invoke(StandardWrapperValve.java:198)
	at org.apache.catalina.core.StandardContextValve.invoke(StandardContextValve.java:96)
	at org.apache.catalina.authenticator.AuthenticatorBase.invoke(AuthenticatorBase.java:493)
	at org.apache.catalina.core.StandardHostValve.invoke(StandardHostValve.java:140)
	at org.apache.catalina.valves.ErrorReportValve.invoke(ErrorReportValve.java:81)
	at org.apache.catalina.valves.AbstractAccessLogValve.invoke(AbstractAccessLogValve.java:650)
	at org.apache.catalina.core.StandardEngineValve.invoke(StandardEngineValve.java:87)
	at org.apache.catalina.connector.CoyoteAdapter.service(CoyoteAdapter.java:342)
	at org.apache.coyote.http11.Http11Processor.service(Http11Processor.java:800)
	at org.apache.coyote.AbstractProcessorLight.process(AbstractProcessorLight.java:66)
	at org.apache.coyote.AbstractProtocol$ConnectionHandler.process(AbstractProtocol.java:806)
	at org.apache.tomcat.util.net.NioEndpoint$SocketProcessor.doRun(NioEndpoint.java:1498)
	at org.apache.tomcat.util.net.SocketProcessorBase.run(SocketProcessorBase.java:49)
	at java.util.concurrent.ThreadPoolExecutor.runWorker(ThreadPoolExecutor.java:1149)
	at java.util.concurrent.ThreadPoolExecutor$Worker.run(ThreadPoolExecutor.java:624)
	at org.apache.tomcat.util.threads.TaskThread$WrappingRunnable.run(TaskThread.java:61)
	at java.lang.Thread.run(Thread.java:748)

03-Jan-2019 15:55:40.037 심각 [http-nio-8080-exec-4] org.apache.catalina.core.StandardWrapperValve.invoke Servlet.service() for servlet [jsp] in context with path [/chap2] threw exception [Unable to compile class for JSP: 

An error occurred at line: [12] in the jsp file: [/time.jsp]
Syntax error, insert ";" to complete ReturnStatement
9: <%!  
10: public int name(int j){
11: 	int i = j;
12: 	return i
13: }
14: %>
15: 


An error occurred at line: [17] in the jsp file: [/time.jsp]
Syntax error on token "=", @ expected
14: %>
15: 
16: <body>
17: 	<% = name(5) %>
18: </body>
19: </html>


An error occurred at line: [17] in the jsp file: [/time.jsp]
Syntax error, insert "VariableDeclarators" to complete LocalVariableDeclaration
14: %>
15: 
16: <body>
17: 	<% = name(5) %>
18: </body>
19: </html>


An error occurred at line: [17] in the jsp file: [/time.jsp]
Syntax error, insert ";" to complete LocalVariableDeclarationStatement
14: %>
15: 
16: <body>
17: 	<% = name(5) %>
18: </body>
19: </html>


An error occurred at line: [17] in the jsp file: [/time.jsp]
write cannot be resolved or is not a field
14: %>
15: 
16: <body>
17: 	<% = name(5) %>
18: </body>
19: </html>


An error occurred at line: [17] in the jsp file: [/time.jsp]
Syntax error, insert "AssignmentOperator Expression" to complete Expression
14: %>
15: 
16: <body>
17: 	<% = name(5) %>
18: </body>
19: </html>


Stacktrace:] with root cause
 org.apache.jasper.JasperException: Unable to compile class for JSP: 

An error occurred at line: [12] in the jsp file: [/time.jsp]
Syntax error, insert ";" to complete ReturnStatement
9: <%!  
10: public int name(int j){
11: 	int i = j;
12: 	return i
13: }
14: %>
15: 


An error occurred at line: [17] in the jsp file: [/time.jsp]
Syntax error on token "=", @ expected
14: %>
15: 
16: <body>
17: 	<% = name(5) %>
18: </body>
19: </html>


An error occurred at line: [17] in the jsp file: [/time.jsp]
Syntax error, insert "VariableDeclarators" to complete LocalVariableDeclaration
14: %>
15: 
16: <body>
17: 	<% = name(5) %>
18: </body>
19: </html>


An error occurred at line: [17] in the jsp file: [/time.jsp]
Syntax error, insert ";" to complete LocalVariableDeclarationStatement
14: %>
15: 
16: <body>
17: 	<% = name(5) %>
18: </body>
19: </html>


An error occurred at line: [17] in the jsp file: [/time.jsp]
write cannot be resolved or is not a field
14: %>
15: 
16: <body>
17: 	<% = name(5) %>
18: </body>
19: </html>


An error occurred at line: [17] in the jsp file: [/time.jsp]
Syntax error, insert "AssignmentOperator Expression" to complete Expression
14: %>
15: 
16: <body>
17: 	<% = name(5) %>
18: </body>
19: </html>


Stacktrace:
	at org.apache.jasper.compiler.DefaultErrorHandler.javacError(DefaultErrorHandler.java:102)
	at org.apache.jasper.compiler.ErrorDispatcher.javacError(ErrorDispatcher.java:212)
	at org.apache.jasper.compiler.JDTCompiler.generateClass(JDTCompiler.java:495)
	at org.apache.jasper.compiler.Compiler.compile(Compiler.java:378)
	at org.apache.jasper.compiler.Compiler.compile(Compiler.java:350)
	at org.apache.jasper.compiler.Compiler.compile(Compiler.java:334)
	at org.apache.jasper.JspCompilationContext.compile(JspCompilationContext.java:595)
	at org.apache.jasper.servlet.JspServletWrapper.service(JspServletWrapper.java:399)
	at org.apache.jasper.servlet.JspServlet.serviceJspFile(JspServlet.java:386)
	at org.apache.jasper.servlet.JspServlet.service(JspServlet.java:330)
	at javax.servlet.http.HttpServlet.service(HttpServlet.java:742)
	at org.apache.catalina.core.ApplicationFilterChain.internalDoFilter(ApplicationFilterChain.java:231)
	at org.apache.catalina.core.ApplicationFilterChain.doFilter(ApplicationFilterChain.java:166)
	at org.apache.tomcat.websocket.server.WsFilter.doFilter(WsFilter.java:52)
	at org.apache.catalina.core.ApplicationFilterChain.internalDoFilter(ApplicationFilterChain.java:193)
	at org.apache.catalina.core.ApplicationFilterChain.doFilter(ApplicationFilterChain.java:166)
	at org.apache.catalina.core.StandardWrapperValve.invoke(StandardWrapperValve.java:198)
	at org.apache.catalina.core.StandardContextValve.invoke(StandardContextValve.java:96)
	at org.apache.catalina.authenticator.AuthenticatorBase.invoke(AuthenticatorBase.java:493)
	at org.apache.catalina.core.StandardHostValve.invoke(StandardHostValve.java:140)
	at org.apache.catalina.valves.ErrorReportValve.invoke(ErrorReportValve.java:81)
	at org.apache.catalina.valves.AbstractAccessLogValve.invoke(AbstractAccessLogValve.java:650)
	at org.apache.catalina.core.StandardEngineValve.invoke(StandardEngineValve.java:87)
	at org.apache.catalina.connector.CoyoteAdapter.service(CoyoteAdapter.java:342)
	at org.apache.coyote.http11.Http11Processor.service(Http11Processor.java:800)
	at org.apache.coyote.AbstractProcessorLight.process(AbstractProcessorLight.java:66)
	at org.apache.coyote.AbstractProtocol$ConnectionHandler.process(AbstractProtocol.java:806)
	at org.apache.tomcat.util.net.NioEndpoint$SocketProcessor.doRun(NioEndpoint.java:1498)
	at org.apache.tomcat.util.net.SocketProcessorBase.run(SocketProcessorBase.java:49)
	at java.util.concurrent.ThreadPoolExecutor.runWorker(ThreadPoolExecutor.java:1149)
	at java.util.concurrent.ThreadPoolExecutor$Worker.run(ThreadPoolExecutor.java:624)
	at org.apache.tomcat.util.threads.TaskThread$WrappingRunnable.run(TaskThread.java:61)
	at java.lang.Thread.run(Thread.java:748)

03-Jan-2019 15:56:03.128 심각 [http-nio-8080-exec-5] org.apache.catalina.core.StandardWrapperValve.invoke Servlet.service() for servlet [jsp] in context with path [/chap2] threw exception [Unable to compile class for JSP: 

An error occurred at line: [7] in the jsp file: [/time.jsp]
Syntax error, insert ";" to complete ReturnStatement
4: <%!  
5: public int name(int j){
6: 	int i = j;
7: 	return i
8: }
9: %>
10: <html>


An error occurred at line: [17] in the jsp file: [/time.jsp]
Syntax error on token "=", @ expected
14: </head>
15: 
16: <body>
17: 	<% = name(5) %>
18: </body>
19: </html>


An error occurred at line: [17] in the jsp file: [/time.jsp]
Syntax error, insert "VariableDeclarators" to complete LocalVariableDeclaration
14: </head>
15: 
16: <body>
17: 	<% = name(5) %>
18: </body>
19: </html>


An error occurred at line: [17] in the jsp file: [/time.jsp]
Syntax error, insert ";" to complete LocalVariableDeclarationStatement
14: </head>
15: 
16: <body>
17: 	<% = name(5) %>
18: </body>
19: </html>


An error occurred at line: [17] in the jsp file: [/time.jsp]
write cannot be resolved or is not a field
14: </head>
15: 
16: <body>
17: 	<% = name(5) %>
18: </body>
19: </html>


An error occurred at line: [17] in the jsp file: [/time.jsp]
Syntax error, insert "AssignmentOperator Expression" to complete Expression
14: </head>
15: 
16: <body>
17: 	<% = name(5) %>
18: </body>
19: </html>


Stacktrace:] with root cause
 org.apache.jasper.JasperException: Unable to compile class for JSP: 

An error occurred at line: [7] in the jsp file: [/time.jsp]
Syntax error, insert ";" to complete ReturnStatement
4: <%!  
5: public int name(int j){
6: 	int i = j;
7: 	return i
8: }
9: %>
10: <html>


An error occurred at line: [17] in the jsp file: [/time.jsp]
Syntax error on token "=", @ expected
14: </head>
15: 
16: <body>
17: 	<% = name(5) %>
18: </body>
19: </html>


An error occurred at line: [17] in the jsp file: [/time.jsp]
Syntax error, insert "VariableDeclarators" to complete LocalVariableDeclaration
14: </head>
15: 
16: <body>
17: 	<% = name(5) %>
18: </body>
19: </html>


An error occurred at line: [17] in the jsp file: [/time.jsp]
Syntax error, insert ";" to complete LocalVariableDeclarationStatement
14: </head>
15: 
16: <body>
17: 	<% = name(5) %>
18: </body>
19: </html>


An error occurred at line: [17] in the jsp file: [/time.jsp]
write cannot be resolved or is not a field
14: </head>
15: 
16: <body>
17: 	<% = name(5) %>
18: </body>
19: </html>


An error occurred at line: [17] in the jsp file: [/time.jsp]
Syntax error, insert "AssignmentOperator Expression" to complete Expression
14: </head>
15: 
16: <body>
17: 	<% = name(5) %>
18: </body>
19: </html>


Stacktrace:
	at org.apache.jasper.compiler.DefaultErrorHandler.javacError(DefaultErrorHandler.java:102)
	at org.apache.jasper.compiler.ErrorDispatcher.javacError(ErrorDispatcher.java:212)
	at org.apache.jasper.compiler.JDTCompiler.generateClass(JDTCompiler.java:495)
	at org.apache.jasper.compiler.Compiler.compile(Compiler.java:378)
	at org.apache.jasper.compiler.Compiler.compile(Compiler.java:350)
	at org.apache.jasper.compiler.Compiler.compile(Compiler.java:334)
	at org.apache.jasper.JspCompilationContext.compile(JspCompilationContext.java:595)
	at org.apache.jasper.servlet.JspServletWrapper.service(JspServletWrapper.java:399)
	at org.apache.jasper.servlet.JspServlet.serviceJspFile(JspServlet.java:386)
	at org.apache.jasper.servlet.JspServlet.service(JspServlet.java:330)
	at javax.servlet.http.HttpServlet.service(HttpServlet.java:742)
	at org.apache.catalina.core.ApplicationFilterChain.internalDoFilter(ApplicationFilterChain.java:231)
	at org.apache.catalina.core.ApplicationFilterChain.doFilter(ApplicationFilterChain.java:166)
	at org.apache.tomcat.websocket.server.WsFilter.doFilter(WsFilter.java:52)
	at org.apache.catalina.core.ApplicationFilterChain.internalDoFilter(ApplicationFilterChain.java:193)
	at org.apache.catalina.core.ApplicationFilterChain.doFilter(ApplicationFilterChain.java:166)
	at org.apache.catalina.core.StandardWrapperValve.invoke(StandardWrapperValve.java:198)
	at org.apache.catalina.core.StandardContextValve.invoke(StandardContextValve.java:96)
	at org.apache.catalina.authenticator.AuthenticatorBase.invoke(AuthenticatorBase.java:493)
	at org.apache.catalina.core.StandardHostValve.invoke(StandardHostValve.java:140)
	at org.apache.catalina.valves.ErrorReportValve.invoke(ErrorReportValve.java:81)
	at org.apache.catalina.valves.AbstractAccessLogValve.invoke(AbstractAccessLogValve.java:650)
	at org.apache.catalina.core.StandardEngineValve.invoke(StandardEngineValve.java:87)
	at org.apache.catalina.connector.CoyoteAdapter.service(CoyoteAdapter.java:342)
	at org.apache.coyote.http11.Http11Processor.service(Http11Processor.java:800)
	at org.apache.coyote.AbstractProcessorLight.process(AbstractProcessorLight.java:66)
	at org.apache.coyote.AbstractProtocol$ConnectionHandler.process(AbstractProtocol.java:806)
	at org.apache.tomcat.util.net.NioEndpoint$SocketProcessor.doRun(NioEndpoint.java:1498)
	at org.apache.tomcat.util.net.SocketProcessorBase.run(SocketProcessorBase.java:49)
	at java.util.concurrent.ThreadPoolExecutor.runWorker(ThreadPoolExecutor.java:1149)
	at java.util.concurrent.ThreadPoolExecutor$Worker.run(ThreadPoolExecutor.java:624)
	at org.apache.tomcat.util.threads.TaskThread$WrappingRunnable.run(TaskThread.java:61)
	at java.lang.Thread.run(Thread.java:748)

03-Jan-2019 15:56:03.927 심각 [http-nio-8080-exec-7] org.apache.catalina.core.StandardWrapperValve.invoke Servlet.service() for servlet [jsp] in context with path [/chap2] threw exception [java.lang.ClassNotFoundException: org.apache.jsp.time_jsp] with root cause
 java.lang.ClassNotFoundException: org.apache.jsp.time_jsp
	at java.net.URLClassLoader.findClass(URLClassLoader.java:382)
	at org.apache.jasper.servlet.JasperLoader.loadClass(JasperLoader.java:129)
	at org.apache.jasper.servlet.JasperLoader.loadClass(JasperLoader.java:60)
	at org.apache.catalina.core.DefaultInstanceManager.newInstance(DefaultInstanceManager.java:159)
	at org.apache.jasper.servlet.JspServletWrapper.getServlet(JspServletWrapper.java:192)
	at org.apache.jasper.servlet.JspServletWrapper.service(JspServletWrapper.java:413)
	at org.apache.jasper.servlet.JspServlet.serviceJspFile(JspServlet.java:386)
	at org.apache.jasper.servlet.JspServlet.service(JspServlet.java:330)
	at javax.servlet.http.HttpServlet.service(HttpServlet.java:742)
	at org.apache.catalina.core.ApplicationFilterChain.internalDoFilter(ApplicationFilterChain.java:231)
	at org.apache.catalina.core.ApplicationFilterChain.doFilter(ApplicationFilterChain.java:166)
	at org.apache.tomcat.websocket.server.WsFilter.doFilter(WsFilter.java:52)
	at org.apache.catalina.core.ApplicationFilterChain.internalDoFilter(ApplicationFilterChain.java:193)
	at org.apache.catalina.core.ApplicationFilterChain.doFilter(ApplicationFilterChain.java:166)
	at org.apache.catalina.core.StandardWrapperValve.invoke(StandardWrapperValve.java:198)
	at org.apache.catalina.core.StandardContextValve.invoke(StandardContextValve.java:96)
	at org.apache.catalina.authenticator.AuthenticatorBase.invoke(AuthenticatorBase.java:493)
	at org.apache.catalina.core.StandardHostValve.invoke(StandardHostValve.java:140)
	at org.apache.catalina.valves.ErrorReportValve.invoke(ErrorReportValve.java:81)
	at org.apache.catalina.valves.AbstractAccessLogValve.invoke(AbstractAccessLogValve.java:650)
	at org.apache.catalina.core.StandardEngineValve.invoke(StandardEngineValve.java:87)
	at org.apache.catalina.connector.CoyoteAdapter.service(CoyoteAdapter.java:342)
	at org.apache.coyote.http11.Http11Processor.service(Http11Processor.java:800)
	at org.apache.coyote.AbstractProcessorLight.process(AbstractProcessorLight.java:66)
	at org.apache.coyote.AbstractProtocol$ConnectionHandler.process(AbstractProtocol.java:806)
	at org.apache.tomcat.util.net.NioEndpoint$SocketProcessor.doRun(NioEndpoint.java:1498)
	at org.apache.tomcat.util.net.SocketProcessorBase.run(SocketProcessorBase.java:49)
	at java.util.concurrent.ThreadPoolExecutor.runWorker(ThreadPoolExecutor.java:1149)
	at java.util.concurrent.ThreadPoolExecutor$Worker.run(ThreadPoolExecutor.java:624)
	at org.apache.tomcat.util.threads.TaskThread$WrappingRunnable.run(TaskThread.java:61)
	at java.lang.Thread.run(Thread.java:748)

03-Jan-2019 15:56:04.658 심각 [http-nio-8080-exec-6] org.apache.catalina.core.StandardWrapperValve.invoke Servlet.service() for servlet [jsp] in context with path [/chap2] threw exception [java.lang.ClassNotFoundException: org.apache.jsp.time_jsp] with root cause
 java.lang.ClassNotFoundException: org.apache.jsp.time_jsp
	at java.net.URLClassLoader.findClass(URLClassLoader.java:382)
	at org.apache.jasper.servlet.JasperLoader.loadClass(JasperLoader.java:129)
	at org.apache.jasper.servlet.JasperLoader.loadClass(JasperLoader.java:60)
	at org.apache.catalina.core.DefaultInstanceManager.newInstance(DefaultInstanceManager.java:159)
	at org.apache.jasper.servlet.JspServletWrapper.getServlet(JspServletWrapper.java:192)
	at org.apache.jasper.servlet.JspServletWrapper.service(JspServletWrapper.java:413)
	at org.apache.jasper.servlet.JspServlet.serviceJspFile(JspServlet.java:386)
	at org.apache.jasper.servlet.JspServlet.service(JspServlet.java:330)
	at javax.servlet.http.HttpServlet.service(HttpServlet.java:742)
	at org.apache.catalina.core.ApplicationFilterChain.internalDoFilter(ApplicationFilterChain.java:231)
	at org.apache.catalina.core.ApplicationFilterChain.doFilter(ApplicationFilterChain.java:166)
	at org.apache.tomcat.websocket.server.WsFilter.doFilter(WsFilter.java:52)
	at org.apache.catalina.core.ApplicationFilterChain.internalDoFilter(ApplicationFilterChain.java:193)
	at org.apache.catalina.core.ApplicationFilterChain.doFilter(ApplicationFilterChain.java:166)
	at org.apache.catalina.core.StandardWrapperValve.invoke(StandardWrapperValve.java:198)
	at org.apache.catalina.core.StandardContextValve.invoke(StandardContextValve.java:96)
	at org.apache.catalina.authenticator.AuthenticatorBase.invoke(AuthenticatorBase.java:493)
	at org.apache.catalina.core.StandardHostValve.invoke(StandardHostValve.java:140)
	at org.apache.catalina.valves.ErrorReportValve.invoke(ErrorReportValve.java:81)
	at org.apache.catalina.valves.AbstractAccessLogValve.invoke(AbstractAccessLogValve.java:650)
	at org.apache.catalina.core.StandardEngineValve.invoke(StandardEngineValve.java:87)
	at org.apache.catalina.connector.CoyoteAdapter.service(CoyoteAdapter.java:342)
	at org.apache.coyote.http11.Http11Processor.service(Http11Processor.java:800)
	at org.apache.coyote.AbstractProcessorLight.process(AbstractProcessorLight.java:66)
	at org.apache.coyote.AbstractProtocol$ConnectionHandler.process(AbstractProtocol.java:806)
	at org.apache.tomcat.util.net.NioEndpoint$SocketProcessor.doRun(NioEndpoint.java:1498)
	at org.apache.tomcat.util.net.SocketProcessorBase.run(SocketProcessorBase.java:49)
	at java.util.concurrent.ThreadPoolExecutor.runWorker(ThreadPoolExecutor.java:1149)
	at java.util.concurrent.ThreadPoolExecutor$Worker.run(ThreadPoolExecutor.java:624)
	at org.apache.tomcat.util.threads.TaskThread$WrappingRunnable.run(TaskThread.java:61)
	at java.lang.Thread.run(Thread.java:748)

03-Jan-2019 15:56:05.088 심각 [http-nio-8080-exec-8] org.apache.catalina.core.StandardWrapperValve.invoke Servlet.service() for servlet [jsp] in context with path [/chap2] threw exception [java.lang.ClassNotFoundException: org.apache.jsp.time_jsp] with root cause
 java.lang.ClassNotFoundException: org.apache.jsp.time_jsp
	at java.net.URLClassLoader.findClass(URLClassLoader.java:382)
	at org.apache.jasper.servlet.JasperLoader.loadClass(JasperLoader.java:129)
	at org.apache.jasper.servlet.JasperLoader.loadClass(JasperLoader.java:60)
	at org.apache.catalina.core.DefaultInstanceManager.newInstance(DefaultInstanceManager.java:159)
	at org.apache.jasper.servlet.JspServletWrapper.getServlet(JspServletWrapper.java:192)
	at org.apache.jasper.servlet.JspServletWrapper.service(JspServletWrapper.java:413)
	at org.apache.jasper.servlet.JspServlet.serviceJspFile(JspServlet.java:386)
	at org.apache.jasper.servlet.JspServlet.service(JspServlet.java:330)
	at javax.servlet.http.HttpServlet.service(HttpServlet.java:742)
	at org.apache.catalina.core.ApplicationFilterChain.internalDoFilter(ApplicationFilterChain.java:231)
	at org.apache.catalina.core.ApplicationFilterChain.doFilter(ApplicationFilterChain.java:166)
	at org.apache.tomcat.websocket.server.WsFilter.doFilter(WsFilter.java:52)
	at org.apache.catalina.core.ApplicationFilterChain.internalDoFilter(ApplicationFilterChain.java:193)
	at org.apache.catalina.core.ApplicationFilterChain.doFilter(ApplicationFilterChain.java:166)
	at org.apache.catalina.core.StandardWrapperValve.invoke(StandardWrapperValve.java:198)
	at org.apache.catalina.core.StandardContextValve.invoke(StandardContextValve.java:96)
	at org.apache.catalina.authenticator.AuthenticatorBase.invoke(AuthenticatorBase.java:493)
	at org.apache.catalina.core.StandardHostValve.invoke(StandardHostValve.java:140)
	at org.apache.catalina.valves.ErrorReportValve.invoke(ErrorReportValve.java:81)
	at org.apache.catalina.valves.AbstractAccessLogValve.invoke(AbstractAccessLogValve.java:650)
	at org.apache.catalina.core.StandardEngineValve.invoke(StandardEngineValve.java:87)
	at org.apache.catalina.connector.CoyoteAdapter.service(CoyoteAdapter.java:342)
	at org.apache.coyote.http11.Http11Processor.service(Http11Processor.java:800)
	at org.apache.coyote.AbstractProcessorLight.process(AbstractProcessorLight.java:66)
	at org.apache.coyote.AbstractProtocol$ConnectionHandler.process(AbstractProtocol.java:806)
	at org.apache.tomcat.util.net.NioEndpoint$SocketProcessor.doRun(NioEndpoint.java:1498)
	at org.apache.tomcat.util.net.SocketProcessorBase.run(SocketProcessorBase.java:49)
	at java.util.concurrent.ThreadPoolExecutor.runWorker(ThreadPoolExecutor.java:1149)
	at java.util.concurrent.ThreadPoolExecutor$Worker.run(ThreadPoolExecutor.java:624)
	at org.apache.tomcat.util.threads.TaskThread$WrappingRunnable.run(TaskThread.java:61)
	at java.lang.Thread.run(Thread.java:748)

03-Jan-2019 15:56:05.302 심각 [http-nio-8080-exec-9] org.apache.catalina.core.StandardWrapperValve.invoke Servlet.service() for servlet [jsp] in context with path [/chap2] threw exception [java.lang.ClassNotFoundException: org.apache.jsp.time_jsp] with root cause
 java.lang.ClassNotFoundException: org.apache.jsp.time_jsp
	at java.net.URLClassLoader.findClass(URLClassLoader.java:382)
	at org.apache.jasper.servlet.JasperLoader.loadClass(JasperLoader.java:129)
	at org.apache.jasper.servlet.JasperLoader.loadClass(JasperLoader.java:60)
	at org.apache.catalina.core.DefaultInstanceManager.newInstance(DefaultInstanceManager.java:159)
	at org.apache.jasper.servlet.JspServletWrapper.getServlet(JspServletWrapper.java:192)
	at org.apache.jasper.servlet.JspServletWrapper.service(JspServletWrapper.java:413)
	at org.apache.jasper.servlet.JspServlet.serviceJspFile(JspServlet.java:386)
	at org.apache.jasper.servlet.JspServlet.service(JspServlet.java:330)
	at javax.servlet.http.HttpServlet.service(HttpServlet.java:742)
	at org.apache.catalina.core.ApplicationFilterChain.internalDoFilter(ApplicationFilterChain.java:231)
	at org.apache.catalina.core.ApplicationFilterChain.doFilter(ApplicationFilterChain.java:166)
	at org.apache.tomcat.websocket.server.WsFilter.doFilter(WsFilter.java:52)
	at org.apache.catalina.core.ApplicationFilterChain.internalDoFilter(ApplicationFilterChain.java:193)
	at org.apache.catalina.core.ApplicationFilterChain.doFilter(ApplicationFilterChain.java:166)
	at org.apache.catalina.core.StandardWrapperValve.invoke(StandardWrapperValve.java:198)
	at org.apache.catalina.core.StandardContextValve.invoke(StandardContextValve.java:96)
	at org.apache.catalina.authenticator.AuthenticatorBase.invoke(AuthenticatorBase.java:493)
	at org.apache.catalina.core.StandardHostValve.invoke(StandardHostValve.java:140)
	at org.apache.catalina.valves.ErrorReportValve.invoke(ErrorReportValve.java:81)
	at org.apache.catalina.valves.AbstractAccessLogValve.invoke(AbstractAccessLogValve.java:650)
	at org.apache.catalina.core.StandardEngineValve.invoke(StandardEngineValve.java:87)
	at org.apache.catalina.connector.CoyoteAdapter.service(CoyoteAdapter.java:342)
	at org.apache.coyote.http11.Http11Processor.service(Http11Processor.java:800)
	at org.apache.coyote.AbstractProcessorLight.process(AbstractProcessorLight.java:66)
	at org.apache.coyote.AbstractProtocol$ConnectionHandler.process(AbstractProtocol.java:806)
	at org.apache.tomcat.util.net.NioEndpoint$SocketProcessor.doRun(NioEndpoint.java:1498)
	at org.apache.tomcat.util.net.SocketProcessorBase.run(SocketProcessorBase.java:49)
	at java.util.concurrent.ThreadPoolExecutor.runWorker(ThreadPoolExecutor.java:1149)
	at java.util.concurrent.ThreadPoolExecutor$Worker.run(ThreadPoolExecutor.java:624)
	at org.apache.tomcat.util.threads.TaskThread$WrappingRunnable.run(TaskThread.java:61)
	at java.lang.Thread.run(Thread.java:748)

03-Jan-2019 15:57:35.855 심각 [http-nio-8080-exec-10] org.apache.catalina.core.StandardWrapperValve.invoke Servlet.service() for servlet [jsp] in context with path [/chap2] threw exception [Unable to compile class for JSP: 

An error occurred at line: [8] in the jsp file: [/time.jsp]
Syntax error, insert ";" to complete ReturnStatement
5: <%!  
6: public int name(int j){
7: 	int i = j;
8: 	return i
9: }
10: %>
11: 


An error occurred at line: [18] in the jsp file: [/time.jsp]
Syntax error on token "=", @ expected
15: <title>현재 시간</title>
16: </head>
17: <body>
18: 	<% = name(5) %>
19: </body>
20: </html>


An error occurred at line: [18] in the jsp file: [/time.jsp]
Syntax error, insert "VariableDeclarators" to complete LocalVariableDeclaration
15: <title>현재 시간</title>
16: </head>
17: <body>
18: 	<% = name(5) %>
19: </body>
20: </html>


An error occurred at line: [18] in the jsp file: [/time.jsp]
Syntax error, insert ";" to complete LocalVariableDeclarationStatement
15: <title>현재 시간</title>
16: </head>
17: <body>
18: 	<% = name(5) %>
19: </body>
20: </html>


An error occurred at line: [18] in the jsp file: [/time.jsp]
write cannot be resolved or is not a field
15: <title>현재 시간</title>
16: </head>
17: <body>
18: 	<% = name(5) %>
19: </body>
20: </html>


An error occurred at line: [18] in the jsp file: [/time.jsp]
Syntax error, insert "AssignmentOperator Expression" to complete Expression
15: <title>현재 시간</title>
16: </head>
17: <body>
18: 	<% = name(5) %>
19: </body>
20: </html>


Stacktrace:] with root cause
 org.apache.jasper.JasperException: Unable to compile class for JSP: 

An error occurred at line: [8] in the jsp file: [/time.jsp]
Syntax error, insert ";" to complete ReturnStatement
5: <%!  
6: public int name(int j){
7: 	int i = j;
8: 	return i
9: }
10: %>
11: 


An error occurred at line: [18] in the jsp file: [/time.jsp]
Syntax error on token "=", @ expected
15: <title>현재 시간</title>
16: </head>
17: <body>
18: 	<% = name(5) %>
19: </body>
20: </html>


An error occurred at line: [18] in the jsp file: [/time.jsp]
Syntax error, insert "VariableDeclarators" to complete LocalVariableDeclaration
15: <title>현재 시간</title>
16: </head>
17: <body>
18: 	<% = name(5) %>
19: </body>
20: </html>


An error occurred at line: [18] in the jsp file: [/time.jsp]
Syntax error, insert ";" to complete LocalVariableDeclarationStatement
15: <title>현재 시간</title>
16: </head>
17: <body>
18: 	<% = name(5) %>
19: </body>
20: </html>


An error occurred at line: [18] in the jsp file: [/time.jsp]
write cannot be resolved or is not a field
15: <title>현재 시간</title>
16: </head>
17: <body>
18: 	<% = name(5) %>
19: </body>
20: </html>


An error occurred at line: [18] in the jsp file: [/time.jsp]
Syntax error, insert "AssignmentOperator Expression" to complete Expression
15: <title>현재 시간</title>
16: </head>
17: <body>
18: 	<% = name(5) %>
19: </body>
20: </html>


Stacktrace:
	at org.apache.jasper.compiler.DefaultErrorHandler.javacError(DefaultErrorHandler.java:102)
	at org.apache.jasper.compiler.ErrorDispatcher.javacError(ErrorDispatcher.java:212)
	at org.apache.jasper.compiler.JDTCompiler.generateClass(JDTCompiler.java:495)
	at org.apache.jasper.compiler.Compiler.compile(Compiler.java:378)
	at org.apache.jasper.compiler.Compiler.compile(Compiler.java:350)
	at org.apache.jasper.compiler.Compiler.compile(Compiler.java:334)
	at org.apache.jasper.JspCompilationContext.compile(JspCompilationContext.java:595)
	at org.apache.jasper.servlet.JspServletWrapper.service(JspServletWrapper.java:399)
	at org.apache.jasper.servlet.JspServlet.serviceJspFile(JspServlet.java:386)
	at org.apache.jasper.servlet.JspServlet.service(JspServlet.java:330)
	at javax.servlet.http.HttpServlet.service(HttpServlet.java:742)
	at org.apache.catalina.core.ApplicationFilterChain.internalDoFilter(ApplicationFilterChain.java:231)
	at org.apache.catalina.core.ApplicationFilterChain.doFilter(ApplicationFilterChain.java:166)
	at org.apache.tomcat.websocket.server.WsFilter.doFilter(WsFilter.java:52)
	at org.apache.catalina.core.ApplicationFilterChain.internalDoFilter(ApplicationFilterChain.java:193)
	at org.apache.catalina.core.ApplicationFilterChain.doFilter(ApplicationFilterChain.java:166)
	at org.apache.catalina.core.StandardWrapperValve.invoke(StandardWrapperValve.java:198)
	at org.apache.catalina.core.StandardContextValve.invoke(StandardContextValve.java:96)
	at org.apache.catalina.authenticator.AuthenticatorBase.invoke(AuthenticatorBase.java:493)
	at org.apache.catalina.core.StandardHostValve.invoke(StandardHostValve.java:140)
	at org.apache.catalina.valves.ErrorReportValve.invoke(ErrorReportValve.java:81)
	at org.apache.catalina.valves.AbstractAccessLogValve.invoke(AbstractAccessLogValve.java:650)
	at org.apache.catalina.core.StandardEngineValve.invoke(StandardEngineValve.java:87)
	at org.apache.catalina.connector.CoyoteAdapter.service(CoyoteAdapter.java:342)
	at org.apache.coyote.http11.Http11Processor.service(Http11Processor.java:800)
	at org.apache.coyote.AbstractProcessorLight.process(AbstractProcessorLight.java:66)
	at org.apache.coyote.AbstractProtocol$ConnectionHandler.process(AbstractProtocol.java:806)
	at org.apache.tomcat.util.net.NioEndpoint$SocketProcessor.doRun(NioEndpoint.java:1498)
	at org.apache.tomcat.util.net.SocketProcessorBase.run(SocketProcessorBase.java:49)
	at java.util.concurrent.ThreadPoolExecutor.runWorker(ThreadPoolExecutor.java:1149)
	at java.util.concurrent.ThreadPoolExecutor$Worker.run(ThreadPoolExecutor.java:624)
	at org.apache.tomcat.util.threads.TaskThread$WrappingRunnable.run(TaskThread.java:61)
	at java.lang.Thread.run(Thread.java:748)

03-Jan-2019 15:57:36.708 심각 [http-nio-8080-exec-1] org.apache.catalina.core.StandardWrapperValve.invoke Servlet.service() for servlet [jsp] in context with path [/chap2] threw exception [java.lang.ClassNotFoundException: org.apache.jsp.time_jsp] with root cause
 java.lang.ClassNotFoundException: org.apache.jsp.time_jsp
	at java.net.URLClassLoader.findClass(URLClassLoader.java:382)
	at org.apache.jasper.servlet.JasperLoader.loadClass(JasperLoader.java:129)
	at org.apache.jasper.servlet.JasperLoader.loadClass(JasperLoader.java:60)
	at org.apache.catalina.core.DefaultInstanceManager.newInstance(DefaultInstanceManager.java:159)
	at org.apache.jasper.servlet.JspServletWrapper.getServlet(JspServletWrapper.java:192)
	at org.apache.jasper.servlet.JspServletWrapper.service(JspServletWrapper.java:413)
	at org.apache.jasper.servlet.JspServlet.serviceJspFile(JspServlet.java:386)
	at org.apache.jasper.servlet.JspServlet.service(JspServlet.java:330)
	at javax.servlet.http.HttpServlet.service(HttpServlet.java:742)
	at org.apache.catalina.core.ApplicationFilterChain.internalDoFilter(ApplicationFilterChain.java:231)
	at org.apache.catalina.core.ApplicationFilterChain.doFilter(ApplicationFilterChain.java:166)
	at org.apache.tomcat.websocket.server.WsFilter.doFilter(WsFilter.java:52)
	at org.apache.catalina.core.ApplicationFilterChain.internalDoFilter(ApplicationFilterChain.java:193)
	at org.apache.catalina.core.ApplicationFilterChain.doFilter(ApplicationFilterChain.java:166)
	at org.apache.catalina.core.StandardWrapperValve.invoke(StandardWrapperValve.java:198)
	at org.apache.catalina.core.StandardContextValve.invoke(StandardContextValve.java:96)
	at org.apache.catalina.authenticator.AuthenticatorBase.invoke(AuthenticatorBase.java:493)
	at org.apache.catalina.core.StandardHostValve.invoke(StandardHostValve.java:140)
	at org.apache.catalina.valves.ErrorReportValve.invoke(ErrorReportValve.java:81)
	at org.apache.catalina.valves.AbstractAccessLogValve.invoke(AbstractAccessLogValve.java:650)
	at org.apache.catalina.core.StandardEngineValve.invoke(StandardEngineValve.java:87)
	at org.apache.catalina.connector.CoyoteAdapter.service(CoyoteAdapter.java:342)
	at org.apache.coyote.http11.Http11Processor.service(Http11Processor.java:800)
	at org.apache.coyote.AbstractProcessorLight.process(AbstractProcessorLight.java:66)
	at org.apache.coyote.AbstractProtocol$ConnectionHandler.process(AbstractProtocol.java:806)
	at org.apache.tomcat.util.net.NioEndpoint$SocketProcessor.doRun(NioEndpoint.java:1498)
	at org.apache.tomcat.util.net.SocketProcessorBase.run(SocketProcessorBase.java:49)
	at java.util.concurrent.ThreadPoolExecutor.runWorker(ThreadPoolExecutor.java:1149)
	at java.util.concurrent.ThreadPoolExecutor$Worker.run(ThreadPoolExecutor.java:624)
	at org.apache.tomcat.util.threads.TaskThread$WrappingRunnable.run(TaskThread.java:61)
	at java.lang.Thread.run(Thread.java:748)

03-Jan-2019 15:57:37.174 심각 [http-nio-8080-exec-3] org.apache.catalina.core.StandardWrapperValve.invoke Servlet.service() for servlet [jsp] in context with path [/chap2] threw exception [java.lang.ClassNotFoundException: org.apache.jsp.time_jsp] with root cause
 java.lang.ClassNotFoundException: org.apache.jsp.time_jsp
	at java.net.URLClassLoader.findClass(URLClassLoader.java:382)
	at org.apache.jasper.servlet.JasperLoader.loadClass(JasperLoader.java:129)
	at org.apache.jasper.servlet.JasperLoader.loadClass(JasperLoader.java:60)
	at org.apache.catalina.core.DefaultInstanceManager.newInstance(DefaultInstanceManager.java:159)
	at org.apache.jasper.servlet.JspServletWrapper.getServlet(JspServletWrapper.java:192)
	at org.apache.jasper.servlet.JspServletWrapper.service(JspServletWrapper.java:413)
	at org.apache.jasper.servlet.JspServlet.serviceJspFile(JspServlet.java:386)
	at org.apache.jasper.servlet.JspServlet.service(JspServlet.java:330)
	at javax.servlet.http.HttpServlet.service(HttpServlet.java:742)
	at org.apache.catalina.core.ApplicationFilterChain.internalDoFilter(ApplicationFilterChain.java:231)
	at org.apache.catalina.core.ApplicationFilterChain.doFilter(ApplicationFilterChain.java:166)
	at org.apache.tomcat.websocket.server.WsFilter.doFilter(WsFilter.java:52)
	at org.apache.catalina.core.ApplicationFilterChain.internalDoFilter(ApplicationFilterChain.java:193)
	at org.apache.catalina.core.ApplicationFilterChain.doFilter(ApplicationFilterChain.java:166)
	at org.apache.catalina.core.StandardWrapperValve.invoke(StandardWrapperValve.java:198)
	at org.apache.catalina.core.StandardContextValve.invoke(StandardContextValve.java:96)
	at org.apache.catalina.authenticator.AuthenticatorBase.invoke(AuthenticatorBase.java:493)
	at org.apache.catalina.core.StandardHostValve.invoke(StandardHostValve.java:140)
	at org.apache.catalina.valves.ErrorReportValve.invoke(ErrorReportValve.java:81)
	at org.apache.catalina.valves.AbstractAccessLogValve.invoke(AbstractAccessLogValve.java:650)
	at org.apache.catalina.core.StandardEngineValve.invoke(StandardEngineValve.java:87)
	at org.apache.catalina.connector.CoyoteAdapter.service(CoyoteAdapter.java:342)
	at org.apache.coyote.http11.Http11Processor.service(Http11Processor.java:800)
	at org.apache.coyote.AbstractProcessorLight.process(AbstractProcessorLight.java:66)
	at org.apache.coyote.AbstractProtocol$ConnectionHandler.process(AbstractProtocol.java:806)
	at org.apache.tomcat.util.net.NioEndpoint$SocketProcessor.doRun(NioEndpoint.java:1498)
	at org.apache.tomcat.util.net.SocketProcessorBase.run(SocketProcessorBase.java:49)
	at java.util.concurrent.ThreadPoolExecutor.runWorker(ThreadPoolExecutor.java:1149)
	at java.util.concurrent.ThreadPoolExecutor$Worker.run(ThreadPoolExecutor.java:624)
	at org.apache.tomcat.util.threads.TaskThread$WrappingRunnable.run(TaskThread.java:61)
	at java.lang.Thread.run(Thread.java:748)

03-Jan-2019 15:57:40.101 심각 [http-nio-8080-exec-2] org.apache.catalina.core.StandardWrapperValve.invoke Servlet.service() for servlet [jsp] in context with path [/chap2] threw exception [Unable to compile class for JSP: 

An error occurred at line: [8] in the jsp file: [/time.jsp]
Syntax error, insert ";" to complete ReturnStatement
5: <%!  
6: public int name(int j){
7: 	int i = j;
8: 	return i
9: }
10: %>
11: 


An error occurred at line: [18] in the jsp file: [/time.jsp]
Syntax error on token "=", @ expected
15: <title>현재 시간</title>
16: </head>
17: <body>
18: 	<% = name(5) %>
19: </body>
20: </html>


An error occurred at line: [18] in the jsp file: [/time.jsp]
Syntax error, insert "VariableDeclarators" to complete LocalVariableDeclaration
15: <title>현재 시간</title>
16: </head>
17: <body>
18: 	<% = name(5) %>
19: </body>
20: </html>


An error occurred at line: [18] in the jsp file: [/time.jsp]
Syntax error, insert ";" to complete LocalVariableDeclarationStatement
15: <title>현재 시간</title>
16: </head>
17: <body>
18: 	<% = name(5) %>
19: </body>
20: </html>


An error occurred at line: [18] in the jsp file: [/time.jsp]
write cannot be resolved or is not a field
15: <title>현재 시간</title>
16: </head>
17: <body>
18: 	<% = name(5) %>
19: </body>
20: </html>


An error occurred at line: [18] in the jsp file: [/time.jsp]
Syntax error, insert "AssignmentOperator Expression" to complete Expression
15: <title>현재 시간</title>
16: </head>
17: <body>
18: 	<% = name(5) %>
19: </body>
20: </html>


Stacktrace:] with root cause
 org.apache.jasper.JasperException: Unable to compile class for JSP: 

An error occurred at line: [8] in the jsp file: [/time.jsp]
Syntax error, insert ";" to complete ReturnStatement
5: <%!  
6: public int name(int j){
7: 	int i = j;
8: 	return i
9: }
10: %>
11: 


An error occurred at line: [18] in the jsp file: [/time.jsp]
Syntax error on token "=", @ expected
15: <title>현재 시간</title>
16: </head>
17: <body>
18: 	<% = name(5) %>
19: </body>
20: </html>


An error occurred at line: [18] in the jsp file: [/time.jsp]
Syntax error, insert "VariableDeclarators" to complete LocalVariableDeclaration
15: <title>현재 시간</title>
16: </head>
17: <body>
18: 	<% = name(5) %>
19: </body>
20: </html>


An error occurred at line: [18] in the jsp file: [/time.jsp]
Syntax error, insert ";" to complete LocalVariableDeclarationStatement
15: <title>현재 시간</title>
16: </head>
17: <body>
18: 	<% = name(5) %>
19: </body>
20: </html>


An error occurred at line: [18] in the jsp file: [/time.jsp]
write cannot be resolved or is not a field
15: <title>현재 시간</title>
16: </head>
17: <body>
18: 	<% = name(5) %>
19: </body>
20: </html>


An error occurred at line: [18] in the jsp file: [/time.jsp]
Syntax error, insert "AssignmentOperator Expression" to complete Expression
15: <title>현재 시간</title>
16: </head>
17: <body>
18: 	<% = name(5) %>
19: </body>
20: </html>


Stacktrace:
	at org.apache.jasper.compiler.DefaultErrorHandler.javacError(DefaultErrorHandler.java:102)
	at org.apache.jasper.compiler.ErrorDispatcher.javacError(ErrorDispatcher.java:212)
	at org.apache.jasper.compiler.JDTCompiler.generateClass(JDTCompiler.java:495)
	at org.apache.jasper.compiler.Compiler.compile(Compiler.java:378)
	at org.apache.jasper.compiler.Compiler.compile(Compiler.java:350)
	at org.apache.jasper.compiler.Compiler.compile(Compiler.java:334)
	at org.apache.jasper.JspCompilationContext.compile(JspCompilationContext.java:595)
	at org.apache.jasper.servlet.JspServletWrapper.service(JspServletWrapper.java:399)
	at org.apache.jasper.servlet.JspServlet.serviceJspFile(JspServlet.java:386)
	at org.apache.jasper.servlet.JspServlet.service(JspServlet.java:330)
	at javax.servlet.http.HttpServlet.service(HttpServlet.java:742)
	at org.apache.catalina.core.ApplicationFilterChain.internalDoFilter(ApplicationFilterChain.java:231)
	at org.apache.catalina.core.ApplicationFilterChain.doFilter(ApplicationFilterChain.java:166)
	at org.apache.tomcat.websocket.server.WsFilter.doFilter(WsFilter.java:52)
	at org.apache.catalina.core.ApplicationFilterChain.internalDoFilter(ApplicationFilterChain.java:193)
	at org.apache.catalina.core.ApplicationFilterChain.doFilter(ApplicationFilterChain.java:166)
	at org.apache.catalina.core.StandardWrapperValve.invoke(StandardWrapperValve.java:198)
	at org.apache.catalina.core.StandardContextValve.invoke(StandardContextValve.java:96)
	at org.apache.catalina.authenticator.AuthenticatorBase.invoke(AuthenticatorBase.java:493)
	at org.apache.catalina.core.StandardHostValve.invoke(StandardHostValve.java:140)
	at org.apache.catalina.valves.ErrorReportValve.invoke(ErrorReportValve.java:81)
	at org.apache.catalina.valves.AbstractAccessLogValve.invoke(AbstractAccessLogValve.java:650)
	at org.apache.catalina.core.StandardEngineValve.invoke(StandardEngineValve.java:87)
	at org.apache.catalina.connector.CoyoteAdapter.service(CoyoteAdapter.java:342)
	at org.apache.coyote.http11.Http11Processor.service(Http11Processor.java:800)
	at org.apache.coyote.AbstractProcessorLight.process(AbstractProcessorLight.java:66)
	at org.apache.coyote.AbstractProtocol$ConnectionHandler.process(AbstractProtocol.java:806)
	at org.apache.tomcat.util.net.NioEndpoint$SocketProcessor.doRun(NioEndpoint.java:1498)
	at org.apache.tomcat.util.net.SocketProcessorBase.run(SocketProcessorBase.java:49)
	at java.util.concurrent.ThreadPoolExecutor.runWorker(ThreadPoolExecutor.java:1149)
	at java.util.concurrent.ThreadPoolExecutor$Worker.run(ThreadPoolExecutor.java:624)
	at org.apache.tomcat.util.threads.TaskThread$WrappingRunnable.run(TaskThread.java:61)
	at java.lang.Thread.run(Thread.java:748)

03-Jan-2019 15:58:42.010 심각 [http-nio-8080-exec-4] org.apache.catalina.core.StandardWrapperValve.invoke Servlet.service() for servlet [jsp] in context with path [/chap2] threw exception [Unable to compile class for JSP: 

An error occurred at line: [18] in the jsp file: [/time.jsp]
Syntax error on token "=", @ expected
15: <title>현재 시간</title>
16: </head>
17: <body>
18: 	<% = name(5) %>
19: </body>
20: </html>


An error occurred at line: [18] in the jsp file: [/time.jsp]
Syntax error, insert "VariableDeclarators" to complete LocalVariableDeclaration
15: <title>현재 시간</title>
16: </head>
17: <body>
18: 	<% = name(5) %>
19: </body>
20: </html>


An error occurred at line: [18] in the jsp file: [/time.jsp]
Syntax error, insert ";" to complete LocalVariableDeclarationStatement
15: <title>현재 시간</title>
16: </head>
17: <body>
18: 	<% = name(5) %>
19: </body>
20: </html>


An error occurred at line: [18] in the jsp file: [/time.jsp]
write cannot be resolved or is not a field
15: <title>현재 시간</title>
16: </head>
17: <body>
18: 	<% = name(5) %>
19: </body>
20: </html>


An error occurred at line: [18] in the jsp file: [/time.jsp]
Syntax error, insert "AssignmentOperator Expression" to complete Expression
15: <title>현재 시간</title>
16: </head>
17: <body>
18: 	<% = name(5) %>
19: </body>
20: </html>


Stacktrace:] with root cause
 org.apache.jasper.JasperException: Unable to compile class for JSP: 

An error occurred at line: [18] in the jsp file: [/time.jsp]
Syntax error on token "=", @ expected
15: <title>현재 시간</title>
16: </head>
17: <body>
18: 	<% = name(5) %>
19: </body>
20: </html>


An error occurred at line: [18] in the jsp file: [/time.jsp]
Syntax error, insert "VariableDeclarators" to complete LocalVariableDeclaration
15: <title>현재 시간</title>
16: </head>
17: <body>
18: 	<% = name(5) %>
19: </body>
20: </html>


An error occurred at line: [18] in the jsp file: [/time.jsp]
Syntax error, insert ";" to complete LocalVariableDeclarationStatement
15: <title>현재 시간</title>
16: </head>
17: <body>
18: 	<% = name(5) %>
19: </body>
20: </html>


An error occurred at line: [18] in the jsp file: [/time.jsp]
write cannot be resolved or is not a field
15: <title>현재 시간</title>
16: </head>
17: <body>
18: 	<% = name(5) %>
19: </body>
20: </html>


An error occurred at line: [18] in the jsp file: [/time.jsp]
Syntax error, insert "AssignmentOperator Expression" to complete Expression
15: <title>현재 시간</title>
16: </head>
17: <body>
18: 	<% = name(5) %>
19: </body>
20: </html>


Stacktrace:
	at org.apache.jasper.compiler.DefaultErrorHandler.javacError(DefaultErrorHandler.java:102)
	at org.apache.jasper.compiler.ErrorDispatcher.javacError(ErrorDispatcher.java:212)
	at org.apache.jasper.compiler.JDTCompiler.generateClass(JDTCompiler.java:495)
	at org.apache.jasper.compiler.Compiler.compile(Compiler.java:378)
	at org.apache.jasper.compiler.Compiler.compile(Compiler.java:350)
	at org.apache.jasper.compiler.Compiler.compile(Compiler.java:334)
	at org.apache.jasper.JspCompilationContext.compile(JspCompilationContext.java:595)
	at org.apache.jasper.servlet.JspServletWrapper.service(JspServletWrapper.java:399)
	at org.apache.jasper.servlet.JspServlet.serviceJspFile(JspServlet.java:386)
	at org.apache.jasper.servlet.JspServlet.service(JspServlet.java:330)
	at javax.servlet.http.HttpServlet.service(HttpServlet.java:742)
	at org.apache.catalina.core.ApplicationFilterChain.internalDoFilter(ApplicationFilterChain.java:231)
	at org.apache.catalina.core.ApplicationFilterChain.doFilter(ApplicationFilterChain.java:166)
	at org.apache.tomcat.websocket.server.WsFilter.doFilter(WsFilter.java:52)
	at org.apache.catalina.core.ApplicationFilterChain.internalDoFilter(ApplicationFilterChain.java:193)
	at org.apache.catalina.core.ApplicationFilterChain.doFilter(ApplicationFilterChain.java:166)
	at org.apache.catalina.core.StandardWrapperValve.invoke(StandardWrapperValve.java:198)
	at org.apache.catalina.core.StandardContextValve.invoke(StandardContextValve.java:96)
	at org.apache.catalina.authenticator.AuthenticatorBase.invoke(AuthenticatorBase.java:493)
	at org.apache.catalina.core.StandardHostValve.invoke(StandardHostValve.java:140)
	at org.apache.catalina.valves.ErrorReportValve.invoke(ErrorReportValve.java:81)
	at org.apache.catalina.valves.AbstractAccessLogValve.invoke(AbstractAccessLogValve.java:650)
	at org.apache.catalina.core.StandardEngineValve.invoke(StandardEngineValve.java:87)
	at org.apache.catalina.connector.CoyoteAdapter.service(CoyoteAdapter.java:342)
	at org.apache.coyote.http11.Http11Processor.service(Http11Processor.java:800)
	at org.apache.coyote.AbstractProcessorLight.process(AbstractProcessorLight.java:66)
	at org.apache.coyote.AbstractProtocol$ConnectionHandler.process(AbstractProtocol.java:806)
	at org.apache.tomcat.util.net.NioEndpoint$SocketProcessor.doRun(NioEndpoint.java:1498)
	at org.apache.tomcat.util.net.SocketProcessorBase.run(SocketProcessorBase.java:49)
	at java.util.concurrent.ThreadPoolExecutor.runWorker(ThreadPoolExecutor.java:1149)
	at java.util.concurrent.ThreadPoolExecutor$Worker.run(ThreadPoolExecutor.java:624)
	at org.apache.tomcat.util.threads.TaskThread$WrappingRunnable.run(TaskThread.java:61)
	at java.lang.Thread.run(Thread.java:748)

03-Jan-2019 16:04:29.922 심각 [http-nio-8080-exec-8] org.apache.catalina.core.StandardWrapperValve.invoke Servlet.service() for servlet [jsp] in context with path [/chap2] threw exception [Unable to compile class for JSP: 

An error occurred at line: [7] in the jsp file: [/time.jsp]
Duplicate local variable a
4: 
5: <%!  
6: 	public int add(int a, int b){
7: 		int a;
8: 		int b;
9: 		
10: 		public add(int a, int b){


An error occurred at line: [8] in the jsp file: [/time.jsp]
Duplicate local variable b
5: <%!  
6: 	public int add(int a, int b){
7: 		int a;
8: 		int b;
9: 		
10: 		public add(int a, int b){
11: 			this.a = a;


An error occurred at line: [10] in the jsp file: [/time.jsp]
Syntax error on token(s), misplaced construct(s)
7: 		int a;
8: 		int b;
9: 		
10: 		public add(int a, int b){
11: 			this.a = a;
12: 			this.b = b;
13: 		}


An error occurred at line: [10] in the jsp file: [/time.jsp]
Syntax error on token "int", delete this token
7: 		int a;
8: 		int b;
9: 		
10: 		public add(int a, int b){
11: 			this.a = a;
12: 			this.b = b;
13: 		}


An error occurred at line: [10] in the jsp file: [/time.jsp]
Syntax error on token "int", delete this token
7: 		int a;
8: 		int b;
9: 		
10: 		public add(int a, int b){
11: 			this.a = a;
12: 			this.b = b;
13: 		}


An error occurred at line: [10] in the jsp file: [/time.jsp]
Syntax error, insert ";" to complete Statement
7: 		int a;
8: 		int b;
9: 		
10: 		public add(int a, int b){
11: 			this.a = a;
12: 			this.b = b;
13: 		}


An error occurred at line: [11] in the jsp file: [/time.jsp]
a cannot be resolved or is not a field
8: 		int b;
9: 		
10: 		public add(int a, int b){
11: 			this.a = a;
12: 			this.b = b;
13: 		}
14: 		


An error occurred at line: [12] in the jsp file: [/time.jsp]
b cannot be resolved or is not a field
9: 		
10: 		public add(int a, int b){
11: 			this.a = a;
12: 			this.b = b;
13: 		}
14: 		
15: 		int result = a + b;


An error occurred at line: [22] in the jsp file: [/time.jsp]
Duplicate local variable a
19: 
20: <%!
21: 	public int sub(int a, int b){
22: 		int a;
23: 		int b;
24: 		
25: 		public sub(int a, int b){


An error occurred at line: [23] in the jsp file: [/time.jsp]
Duplicate local variable b
20: <%!
21: 	public int sub(int a, int b){
22: 		int a;
23: 		int b;
24: 		
25: 		public sub(int a, int b){
26: 			this.a = a;


An error occurred at line: [25] in the jsp file: [/time.jsp]
Syntax error on token(s), misplaced construct(s)
22: 		int a;
23: 		int b;
24: 		
25: 		public sub(int a, int b){
26: 			this.a = a;
27: 			this.b = b;
28: 		}


An error occurred at line: [25] in the jsp file: [/time.jsp]
Syntax error on token "int", delete this token
22: 		int a;
23: 		int b;
24: 		
25: 		public sub(int a, int b){
26: 			this.a = a;
27: 			this.b = b;
28: 		}


An error occurred at line: [25] in the jsp file: [/time.jsp]
Syntax error on token "int", delete this token
22: 		int a;
23: 		int b;
24: 		
25: 		public sub(int a, int b){
26: 			this.a = a;
27: 			this.b = b;
28: 		}


An error occurred at line: [25] in the jsp file: [/time.jsp]
Syntax error, insert ";" to complete Statement
22: 		int a;
23: 		int b;
24: 		
25: 		public sub(int a, int b){
26: 			this.a = a;
27: 			this.b = b;
28: 		}


An error occurred at line: [26] in the jsp file: [/time.jsp]
a cannot be resolved or is not a field
23: 		int b;
24: 		
25: 		public sub(int a, int b){
26: 			this.a = a;
27: 			this.b = b;
28: 		}
29: 		int result = a - b;


An error occurred at line: [27] in the jsp file: [/time.jsp]
b cannot be resolved or is not a field
24: 		
25: 		public sub(int a, int b){
26: 			this.a = a;
27: 			this.b = b;
28: 		}
29: 		int result = a - b;
30: 		return result;


An error occurred at line: [43] in the jsp file: [/time.jsp]
Syntax error on token "<", invalid Expression
40: 	int a = 8;
41: 	int b = 9;
42: 	
43: 	<% 덧셈 : <%= add(a, b)%>%>
44: 	<% 뺄셈 : <%= sub(a, b)%>%>
45: 
46: </body>


An error occurred at line: [43] in the jsp file: [/time.jsp]
Syntax error, insert ";" to complete Statement
40: 	int a = 8;
41: 	int b = 9;
42: 	
43: 	<% 덧셈 : <%= add(a, b)%>%>
44: 	<% 뺄셈 : <%= sub(a, b)%>%>
45: 
46: </body>


An error occurred at line: [44] in the jsp file: [/time.jsp]
Syntax error on token "<", invalid Expression
41: 	int b = 9;
42: 	
43: 	<% 덧셈 : <%= add(a, b)%>%>
44: 	<% 뺄셈 : <%= sub(a, b)%>%>
45: 
46: </body>
47: </html>


An error occurred at line: [44] in the jsp file: [/time.jsp]
Syntax error, insert ";" to complete Statement
41: 	int b = 9;
42: 	
43: 	<% 덧셈 : <%= add(a, b)%>%>
44: 	<% 뺄셈 : <%= sub(a, b)%>%>
45: 
46: </body>
47: </html>


Stacktrace:] with root cause
 org.apache.jasper.JasperException: Unable to compile class for JSP: 

An error occurred at line: [7] in the jsp file: [/time.jsp]
Duplicate local variable a
4: 
5: <%!  
6: 	public int add(int a, int b){
7: 		int a;
8: 		int b;
9: 		
10: 		public add(int a, int b){


An error occurred at line: [8] in the jsp file: [/time.jsp]
Duplicate local variable b
5: <%!  
6: 	public int add(int a, int b){
7: 		int a;
8: 		int b;
9: 		
10: 		public add(int a, int b){
11: 			this.a = a;


An error occurred at line: [10] in the jsp file: [/time.jsp]
Syntax error on token(s), misplaced construct(s)
7: 		int a;
8: 		int b;
9: 		
10: 		public add(int a, int b){
11: 			this.a = a;
12: 			this.b = b;
13: 		}


An error occurred at line: [10] in the jsp file: [/time.jsp]
Syntax error on token "int", delete this token
7: 		int a;
8: 		int b;
9: 		
10: 		public add(int a, int b){
11: 			this.a = a;
12: 			this.b = b;
13: 		}


An error occurred at line: [10] in the jsp file: [/time.jsp]
Syntax error on token "int", delete this token
7: 		int a;
8: 		int b;
9: 		
10: 		public add(int a, int b){
11: 			this.a = a;
12: 			this.b = b;
13: 		}


An error occurred at line: [10] in the jsp file: [/time.jsp]
Syntax error, insert ";" to complete Statement
7: 		int a;
8: 		int b;
9: 		
10: 		public add(int a, int b){
11: 			this.a = a;
12: 			this.b = b;
13: 		}


An error occurred at line: [11] in the jsp file: [/time.jsp]
a cannot be resolved or is not a field
8: 		int b;
9: 		
10: 		public add(int a, int b){
11: 			this.a = a;
12: 			this.b = b;
13: 		}
14: 		


An error occurred at line: [12] in the jsp file: [/time.jsp]
b cannot be resolved or is not a field
9: 		
10: 		public add(int a, int b){
11: 			this.a = a;
12: 			this.b = b;
13: 		}
14: 		
15: 		int result = a + b;


An error occurred at line: [22] in the jsp file: [/time.jsp]
Duplicate local variable a
19: 
20: <%!
21: 	public int sub(int a, int b){
22: 		int a;
23: 		int b;
24: 		
25: 		public sub(int a, int b){


An error occurred at line: [23] in the jsp file: [/time.jsp]
Duplicate local variable b
20: <%!
21: 	public int sub(int a, int b){
22: 		int a;
23: 		int b;
24: 		
25: 		public sub(int a, int b){
26: 			this.a = a;


An error occurred at line: [25] in the jsp file: [/time.jsp]
Syntax error on token(s), misplaced construct(s)
22: 		int a;
23: 		int b;
24: 		
25: 		public sub(int a, int b){
26: 			this.a = a;
27: 			this.b = b;
28: 		}


An error occurred at line: [25] in the jsp file: [/time.jsp]
Syntax error on token "int", delete this token
22: 		int a;
23: 		int b;
24: 		
25: 		public sub(int a, int b){
26: 			this.a = a;
27: 			this.b = b;
28: 		}


An error occurred at line: [25] in the jsp file: [/time.jsp]
Syntax error on token "int", delete this token
22: 		int a;
23: 		int b;
24: 		
25: 		public sub(int a, int b){
26: 			this.a = a;
27: 			this.b = b;
28: 		}


An error occurred at line: [25] in the jsp file: [/time.jsp]
Syntax error, insert ";" to complete Statement
22: 		int a;
23: 		int b;
24: 		
25: 		public sub(int a, int b){
26: 			this.a = a;
27: 			this.b = b;
28: 		}


An error occurred at line: [26] in the jsp file: [/time.jsp]
a cannot be resolved or is not a field
23: 		int b;
24: 		
25: 		public sub(int a, int b){
26: 			this.a = a;
27: 			this.b = b;
28: 		}
29: 		int result = a - b;


An error occurred at line: [27] in the jsp file: [/time.jsp]
b cannot be resolved or is not a field
24: 		
25: 		public sub(int a, int b){
26: 			this.a = a;
27: 			this.b = b;
28: 		}
29: 		int result = a - b;
30: 		return result;


An error occurred at line: [43] in the jsp file: [/time.jsp]
Syntax error on token "<", invalid Expression
40: 	int a = 8;
41: 	int b = 9;
42: 	
43: 	<% 덧셈 : <%= add(a, b)%>%>
44: 	<% 뺄셈 : <%= sub(a, b)%>%>
45: 
46: </body>


An error occurred at line: [43] in the jsp file: [/time.jsp]
Syntax error, insert ";" to complete Statement
40: 	int a = 8;
41: 	int b = 9;
42: 	
43: 	<% 덧셈 : <%= add(a, b)%>%>
44: 	<% 뺄셈 : <%= sub(a, b)%>%>
45: 
46: </body>


An error occurred at line: [44] in the jsp file: [/time.jsp]
Syntax error on token "<", invalid Expression
41: 	int b = 9;
42: 	
43: 	<% 덧셈 : <%= add(a, b)%>%>
44: 	<% 뺄셈 : <%= sub(a, b)%>%>
45: 
46: </body>
47: </html>


An error occurred at line: [44] in the jsp file: [/time.jsp]
Syntax error, insert ";" to complete Statement
41: 	int b = 9;
42: 	
43: 	<% 덧셈 : <%= add(a, b)%>%>
44: 	<% 뺄셈 : <%= sub(a, b)%>%>
45: 
46: </body>
47: </html>


Stacktrace:
	at org.apache.jasper.compiler.DefaultErrorHandler.javacError(DefaultErrorHandler.java:102)
	at org.apache.jasper.compiler.ErrorDispatcher.javacError(ErrorDispatcher.java:212)
	at org.apache.jasper.compiler.JDTCompiler.generateClass(JDTCompiler.java:495)
	at org.apache.jasper.compiler.Compiler.compile(Compiler.java:378)
	at org.apache.jasper.compiler.Compiler.compile(Compiler.java:350)
	at org.apache.jasper.compiler.Compiler.compile(Compiler.java:334)
	at org.apache.jasper.JspCompilationContext.compile(JspCompilationContext.java:595)
	at org.apache.jasper.servlet.JspServletWrapper.service(JspServletWrapper.java:399)
	at org.apache.jasper.servlet.JspServlet.serviceJspFile(JspServlet.java:386)
	at org.apache.jasper.servlet.JspServlet.service(JspServlet.java:330)
	at javax.servlet.http.HttpServlet.service(HttpServlet.java:742)
	at org.apache.catalina.core.ApplicationFilterChain.internalDoFilter(ApplicationFilterChain.java:231)
	at org.apache.catalina.core.ApplicationFilterChain.doFilter(ApplicationFilterChain.java:166)
	at org.apache.tomcat.websocket.server.WsFilter.doFilter(WsFilter.java:52)
	at org.apache.catalina.core.ApplicationFilterChain.internalDoFilter(ApplicationFilterChain.java:193)
	at org.apache.catalina.core.ApplicationFilterChain.doFilter(ApplicationFilterChain.java:166)
	at org.apache.catalina.core.StandardWrapperValve.invoke(StandardWrapperValve.java:198)
	at org.apache.catalina.core.StandardContextValve.invoke(StandardContextValve.java:96)
	at org.apache.catalina.authenticator.AuthenticatorBase.invoke(AuthenticatorBase.java:493)
	at org.apache.catalina.core.StandardHostValve.invoke(StandardHostValve.java:140)
	at org.apache.catalina.valves.ErrorReportValve.invoke(ErrorReportValve.java:81)
	at org.apache.catalina.valves.AbstractAccessLogValve.invoke(AbstractAccessLogValve.java:650)
	at org.apache.catalina.core.StandardEngineValve.invoke(StandardEngineValve.java:87)
	at org.apache.catalina.connector.CoyoteAdapter.service(CoyoteAdapter.java:342)
	at org.apache.coyote.http11.Http11Processor.service(Http11Processor.java:800)
	at org.apache.coyote.AbstractProcessorLight.process(AbstractProcessorLight.java:66)
	at org.apache.coyote.AbstractProtocol$ConnectionHandler.process(AbstractProtocol.java:806)
	at org.apache.tomcat.util.net.NioEndpoint$SocketProcessor.doRun(NioEndpoint.java:1498)
	at org.apache.tomcat.util.net.SocketProcessorBase.run(SocketProcessorBase.java:49)
	at java.util.concurrent.ThreadPoolExecutor.runWorker(ThreadPoolExecutor.java:1149)
	at java.util.concurrent.ThreadPoolExecutor$Worker.run(ThreadPoolExecutor.java:624)
	at org.apache.tomcat.util.threads.TaskThread$WrappingRunnable.run(TaskThread.java:61)
	at java.lang.Thread.run(Thread.java:748)

03-Jan-2019 16:04:46.577 심각 [http-nio-8080-exec-9] org.apache.catalina.core.StandardWrapperValve.invoke Servlet.service() for servlet [jsp] in context with path [/chap2] threw exception [Unable to compile class for JSP: 

An error occurred at line: [7] in the jsp file: [/time.jsp]
Duplicate local variable a
4: 
5: <%!  
6: 	public int add(int a, int b){
7: 		int a;
8: 		int b;
9: 		
10: 		int result = a + b;


An error occurred at line: [8] in the jsp file: [/time.jsp]
Duplicate local variable b
5: <%!  
6: 	public int add(int a, int b){
7: 		int a;
8: 		int b;
9: 		
10: 		int result = a + b;
11: 		return result;


An error occurred at line: [17] in the jsp file: [/time.jsp]
Duplicate local variable a
14: 
15: <%!
16: 	public int sub(int a, int b){
17: 		int a;
18: 		int b;
19: 
20: 		int result = a - b;


An error occurred at line: [18] in the jsp file: [/time.jsp]
Duplicate local variable b
15: <%!
16: 	public int sub(int a, int b){
17: 		int a;
18: 		int b;
19: 
20: 		int result = a - b;
21: 		return result;


An error occurred at line: [34] in the jsp file: [/time.jsp]
Syntax error on token "<", invalid Expression
31: 	int a = 8;
32: 	int b = 9;
33: 	
34: 	<% 덧셈 : <%= add(a, b)%>%>
35: 	<% 뺄셈 : <%= sub(a, b)%>%>
36: 
37: </body>


An error occurred at line: [34] in the jsp file: [/time.jsp]
Syntax error, insert ";" to complete Statement
31: 	int a = 8;
32: 	int b = 9;
33: 	
34: 	<% 덧셈 : <%= add(a, b)%>%>
35: 	<% 뺄셈 : <%= sub(a, b)%>%>
36: 
37: </body>


An error occurred at line: [35] in the jsp file: [/time.jsp]
Syntax error on token "<", invalid Expression
32: 	int b = 9;
33: 	
34: 	<% 덧셈 : <%= add(a, b)%>%>
35: 	<% 뺄셈 : <%= sub(a, b)%>%>
36: 
37: </body>
38: </html>


An error occurred at line: [35] in the jsp file: [/time.jsp]
Syntax error, insert ";" to complete Statement
32: 	int b = 9;
33: 	
34: 	<% 덧셈 : <%= add(a, b)%>%>
35: 	<% 뺄셈 : <%= sub(a, b)%>%>
36: 
37: </body>
38: </html>


Stacktrace:] with root cause
 org.apache.jasper.JasperException: Unable to compile class for JSP: 

An error occurred at line: [7] in the jsp file: [/time.jsp]
Duplicate local variable a
4: 
5: <%!  
6: 	public int add(int a, int b){
7: 		int a;
8: 		int b;
9: 		
10: 		int result = a + b;


An error occurred at line: [8] in the jsp file: [/time.jsp]
Duplicate local variable b
5: <%!  
6: 	public int add(int a, int b){
7: 		int a;
8: 		int b;
9: 		
10: 		int result = a + b;
11: 		return result;


An error occurred at line: [17] in the jsp file: [/time.jsp]
Duplicate local variable a
14: 
15: <%!
16: 	public int sub(int a, int b){
17: 		int a;
18: 		int b;
19: 
20: 		int result = a - b;


An error occurred at line: [18] in the jsp file: [/time.jsp]
Duplicate local variable b
15: <%!
16: 	public int sub(int a, int b){
17: 		int a;
18: 		int b;
19: 
20: 		int result = a - b;
21: 		return result;


An error occurred at line: [34] in the jsp file: [/time.jsp]
Syntax error on token "<", invalid Expression
31: 	int a = 8;
32: 	int b = 9;
33: 	
34: 	<% 덧셈 : <%= add(a, b)%>%>
35: 	<% 뺄셈 : <%= sub(a, b)%>%>
36: 
37: </body>


An error occurred at line: [34] in the jsp file: [/time.jsp]
Syntax error, insert ";" to complete Statement
31: 	int a = 8;
32: 	int b = 9;
33: 	
34: 	<% 덧셈 : <%= add(a, b)%>%>
35: 	<% 뺄셈 : <%= sub(a, b)%>%>
36: 
37: </body>


An error occurred at line: [35] in the jsp file: [/time.jsp]
Syntax error on token "<", invalid Expression
32: 	int b = 9;
33: 	
34: 	<% 덧셈 : <%= add(a, b)%>%>
35: 	<% 뺄셈 : <%= sub(a, b)%>%>
36: 
37: </body>
38: </html>


An error occurred at line: [35] in the jsp file: [/time.jsp]
Syntax error, insert ";" to complete Statement
32: 	int b = 9;
33: 	
34: 	<% 덧셈 : <%= add(a, b)%>%>
35: 	<% 뺄셈 : <%= sub(a, b)%>%>
36: 
37: </body>
38: </html>


Stacktrace:
	at org.apache.jasper.compiler.DefaultErrorHandler.javacError(DefaultErrorHandler.java:102)
	at org.apache.jasper.compiler.ErrorDispatcher.javacError(ErrorDispatcher.java:212)
	at org.apache.jasper.compiler.JDTCompiler.generateClass(JDTCompiler.java:495)
	at org.apache.jasper.compiler.Compiler.compile(Compiler.java:378)
	at org.apache.jasper.compiler.Compiler.compile(Compiler.java:350)
	at org.apache.jasper.compiler.Compiler.compile(Compiler.java:334)
	at org.apache.jasper.JspCompilationContext.compile(JspCompilationContext.java:595)
	at org.apache.jasper.servlet.JspServletWrapper.service(JspServletWrapper.java:399)
	at org.apache.jasper.servlet.JspServlet.serviceJspFile(JspServlet.java:386)
	at org.apache.jasper.servlet.JspServlet.service(JspServlet.java:330)
	at javax.servlet.http.HttpServlet.service(HttpServlet.java:742)
	at org.apache.catalina.core.ApplicationFilterChain.internalDoFilter(ApplicationFilterChain.java:231)
	at org.apache.catalina.core.ApplicationFilterChain.doFilter(ApplicationFilterChain.java:166)
	at org.apache.tomcat.websocket.server.WsFilter.doFilter(WsFilter.java:52)
	at org.apache.catalina.core.ApplicationFilterChain.internalDoFilter(ApplicationFilterChain.java:193)
	at org.apache.catalina.core.ApplicationFilterChain.doFilter(ApplicationFilterChain.java:166)
	at org.apache.catalina.core.StandardWrapperValve.invoke(StandardWrapperValve.java:198)
	at org.apache.catalina.core.StandardContextValve.invoke(StandardContextValve.java:96)
	at org.apache.catalina.authenticator.AuthenticatorBase.invoke(AuthenticatorBase.java:493)
	at org.apache.catalina.core.StandardHostValve.invoke(StandardHostValve.java:140)
	at org.apache.catalina.valves.ErrorReportValve.invoke(ErrorReportValve.java:81)
	at org.apache.catalina.valves.AbstractAccessLogValve.invoke(AbstractAccessLogValve.java:650)
	at org.apache.catalina.core.StandardEngineValve.invoke(StandardEngineValve.java:87)
	at org.apache.catalina.connector.CoyoteAdapter.service(CoyoteAdapter.java:342)
	at org.apache.coyote.http11.Http11Processor.service(Http11Processor.java:800)
	at org.apache.coyote.AbstractProcessorLight.process(AbstractProcessorLight.java:66)
	at org.apache.coyote.AbstractProtocol$ConnectionHandler.process(AbstractProtocol.java:806)
	at org.apache.tomcat.util.net.NioEndpoint$SocketProcessor.doRun(NioEndpoint.java:1498)
	at org.apache.tomcat.util.net.SocketProcessorBase.run(SocketProcessorBase.java:49)
	at java.util.concurrent.ThreadPoolExecutor.runWorker(ThreadPoolExecutor.java:1149)
	at java.util.concurrent.ThreadPoolExecutor$Worker.run(ThreadPoolExecutor.java:624)
	at org.apache.tomcat.util.threads.TaskThread$WrappingRunnable.run(TaskThread.java:61)
	at java.lang.Thread.run(Thread.java:748)

03-Jan-2019 16:08:30.660 심각 [http-nio-8080-exec-10] org.apache.catalina.core.StandardWrapperValve.invoke Servlet.service() for servlet [jsp] in context with path [/chap2] threw exception [Unable to compile class for JSP: 

An error occurred at line: [7] in the jsp file: [/time.jsp]
Duplicate local variable a
4: 
5: <%!  
6: 	public int add(int a, int b){
7: 		int a;
8: 		int b;
9: 		
10: 		int result = a + b;


An error occurred at line: [8] in the jsp file: [/time.jsp]
Duplicate local variable b
5: <%!  
6: 	public int add(int a, int b){
7: 		int a;
8: 		int b;
9: 		
10: 		int result = a + b;
11: 		return result;


An error occurred at line: [17] in the jsp file: [/time.jsp]
Duplicate local variable a
14: 
15: <%!
16: 	public int sub(int a, int b){
17: 		int a;
18: 		int b;
19: 
20: 		int result = a - b;


An error occurred at line: [18] in the jsp file: [/time.jsp]
Duplicate local variable b
15: <%!
16: 	public int sub(int a, int b){
17: 		int a;
18: 		int b;
19: 
20: 		int result = a - b;
21: 		return result;


An error occurred at line: [34] in the jsp file: [/time.jsp]
a cannot be resolved to a variable
31: 	int a = 8;
32: 	int b = 9;
33: 	
34: 	덧셈 : <%= add(a, b)%>
35: 	뺄셈 : <%= sub(a, b)%>
36: 
37: </body>


An error occurred at line: [34] in the jsp file: [/time.jsp]
b cannot be resolved to a variable
31: 	int a = 8;
32: 	int b = 9;
33: 	
34: 	덧셈 : <%= add(a, b)%>
35: 	뺄셈 : <%= sub(a, b)%>
36: 
37: </body>


An error occurred at line: [35] in the jsp file: [/time.jsp]
a cannot be resolved to a variable
32: 	int b = 9;
33: 	
34: 	덧셈 : <%= add(a, b)%>
35: 	뺄셈 : <%= sub(a, b)%>
36: 
37: </body>
38: </html>


An error occurred at line: [35] in the jsp file: [/time.jsp]
b cannot be resolved to a variable
32: 	int b = 9;
33: 	
34: 	덧셈 : <%= add(a, b)%>
35: 	뺄셈 : <%= sub(a, b)%>
36: 
37: </body>
38: </html>


Stacktrace:] with root cause
 org.apache.jasper.JasperException: Unable to compile class for JSP: 

An error occurred at line: [7] in the jsp file: [/time.jsp]
Duplicate local variable a
4: 
5: <%!  
6: 	public int add(int a, int b){
7: 		int a;
8: 		int b;
9: 		
10: 		int result = a + b;


An error occurred at line: [8] in the jsp file: [/time.jsp]
Duplicate local variable b
5: <%!  
6: 	public int add(int a, int b){
7: 		int a;
8: 		int b;
9: 		
10: 		int result = a + b;
11: 		return result;


An error occurred at line: [17] in the jsp file: [/time.jsp]
Duplicate local variable a
14: 
15: <%!
16: 	public int sub(int a, int b){
17: 		int a;
18: 		int b;
19: 
20: 		int result = a - b;


An error occurred at line: [18] in the jsp file: [/time.jsp]
Duplicate local variable b
15: <%!
16: 	public int sub(int a, int b){
17: 		int a;
18: 		int b;
19: 
20: 		int result = a - b;
21: 		return result;


An error occurred at line: [34] in the jsp file: [/time.jsp]
a cannot be resolved to a variable
31: 	int a = 8;
32: 	int b = 9;
33: 	
34: 	덧셈 : <%= add(a, b)%>
35: 	뺄셈 : <%= sub(a, b)%>
36: 
37: </body>


An error occurred at line: [34] in the jsp file: [/time.jsp]
b cannot be resolved to a variable
31: 	int a = 8;
32: 	int b = 9;
33: 	
34: 	덧셈 : <%= add(a, b)%>
35: 	뺄셈 : <%= sub(a, b)%>
36: 
37: </body>


An error occurred at line: [35] in the jsp file: [/time.jsp]
a cannot be resolved to a variable
32: 	int b = 9;
33: 	
34: 	덧셈 : <%= add(a, b)%>
35: 	뺄셈 : <%= sub(a, b)%>
36: 
37: </body>
38: </html>


An error occurred at line: [35] in the jsp file: [/time.jsp]
b cannot be resolved to a variable
32: 	int b = 9;
33: 	
34: 	덧셈 : <%= add(a, b)%>
35: 	뺄셈 : <%= sub(a, b)%>
36: 
37: </body>
38: </html>


Stacktrace:
	at org.apache.jasper.compiler.DefaultErrorHandler.javacError(DefaultErrorHandler.java:102)
	at org.apache.jasper.compiler.ErrorDispatcher.javacError(ErrorDispatcher.java:212)
	at org.apache.jasper.compiler.JDTCompiler.generateClass(JDTCompiler.java:495)
	at org.apache.jasper.compiler.Compiler.compile(Compiler.java:378)
	at org.apache.jasper.compiler.Compiler.compile(Compiler.java:350)
	at org.apache.jasper.compiler.Compiler.compile(Compiler.java:334)
	at org.apache.jasper.JspCompilationContext.compile(JspCompilationContext.java:595)
	at org.apache.jasper.servlet.JspServletWrapper.service(JspServletWrapper.java:399)
	at org.apache.jasper.servlet.JspServlet.serviceJspFile(JspServlet.java:386)
	at org.apache.jasper.servlet.JspServlet.service(JspServlet.java:330)
	at javax.servlet.http.HttpServlet.service(HttpServlet.java:742)
	at org.apache.catalina.core.ApplicationFilterChain.internalDoFilter(ApplicationFilterChain.java:231)
	at org.apache.catalina.core.ApplicationFilterChain.doFilter(ApplicationFilterChain.java:166)
	at org.apache.tomcat.websocket.server.WsFilter.doFilter(WsFilter.java:52)
	at org.apache.catalina.core.ApplicationFilterChain.internalDoFilter(ApplicationFilterChain.java:193)
	at org.apache.catalina.core.ApplicationFilterChain.doFilter(ApplicationFilterChain.java:166)
	at org.apache.catalina.core.StandardWrapperValve.invoke(StandardWrapperValve.java:198)
	at org.apache.catalina.core.StandardContextValve.invoke(StandardContextValve.java:96)
	at org.apache.catalina.authenticator.AuthenticatorBase.invoke(AuthenticatorBase.java:493)
	at org.apache.catalina.core.StandardHostValve.invoke(StandardHostValve.java:140)
	at org.apache.catalina.valves.ErrorReportValve.invoke(ErrorReportValve.java:81)
	at org.apache.catalina.valves.AbstractAccessLogValve.invoke(AbstractAccessLogValve.java:650)
	at org.apache.catalina.core.StandardEngineValve.invoke(StandardEngineValve.java:87)
	at org.apache.catalina.connector.CoyoteAdapter.service(CoyoteAdapter.java:342)
	at org.apache.coyote.http11.Http11Processor.service(Http11Processor.java:800)
	at org.apache.coyote.AbstractProcessorLight.process(AbstractProcessorLight.java:66)
	at org.apache.coyote.AbstractProtocol$ConnectionHandler.process(AbstractProtocol.java:806)
	at org.apache.tomcat.util.net.NioEndpoint$SocketProcessor.doRun(NioEndpoint.java:1498)
	at org.apache.tomcat.util.net.SocketProcessorBase.run(SocketProcessorBase.java:49)
	at java.util.concurrent.ThreadPoolExecutor.runWorker(ThreadPoolExecutor.java:1149)
	at java.util.concurrent.ThreadPoolExecutor$Worker.run(ThreadPoolExecutor.java:624)
	at org.apache.tomcat.util.threads.TaskThread$WrappingRunnable.run(TaskThread.java:61)
	at java.lang.Thread.run(Thread.java:748)

03-Jan-2019 16:09:42.838 심각 [http-nio-8080-exec-1] org.apache.catalina.core.StandardWrapperValve.invoke Servlet.service() for servlet [jsp] in context with path [/chap2] threw exception [Unable to compile class for JSP: 

An error occurred at line: [7] in the jsp file: [/time.jsp]
Duplicate local variable a
4: 
5: <%!  
6: 	public int add(int a, int b){
7: 		int a;
8: 		int b;
9: 		
10: 		int result = a + b;


An error occurred at line: [8] in the jsp file: [/time.jsp]
Duplicate local variable b
5: <%!  
6: 	public int add(int a, int b){
7: 		int a;
8: 		int b;
9: 		
10: 		int result = a + b;
11: 		return result;


An error occurred at line: [17] in the jsp file: [/time.jsp]
Duplicate local variable a
14: 
15: <%!
16: 	public int sub(int a, int b){
17: 		int a;
18: 		int b;
19: 
20: 		int result = a - b;


An error occurred at line: [18] in the jsp file: [/time.jsp]
Duplicate local variable b
15: <%!
16: 	public int sub(int a, int b){
17: 		int a;
18: 		int b;
19: 
20: 		int result = a - b;
21: 		return result;


An error occurred at line: [35] in the jsp file: [/time.jsp]
Syntax error on tokens, delete these tokens
32: 	int a = 8;
33: 	int b = 9;
34: 	
35: 	<%=덧셈 :<%= add(a, b) %>%>
36: 	<%=뺄셈 : <%= sub(a, b) %>%>
37: %>
38: 


An error occurred at line: [35] in the jsp file: [/time.jsp]
Syntax error on token "<", invalid Expression
32: 	int a = 8;
33: 	int b = 9;
34: 	
35: 	<%=덧셈 :<%= add(a, b) %>%>
36: 	<%=뺄셈 : <%= sub(a, b) %>%>
37: %>
38: 


An error occurred at line: [35] in the jsp file: [/time.jsp]
Syntax error, insert ";" to complete Statement
32: 	int a = 8;
33: 	int b = 9;
34: 	
35: 	<%=덧셈 :<%= add(a, b) %>%>
36: 	<%=뺄셈 : <%= sub(a, b) %>%>
37: %>
38: 


An error occurred at line: [36] in the jsp file: [/time.jsp]
Syntax error on token(s), misplaced construct(s)
33: 	int b = 9;
34: 	
35: 	<%=덧셈 :<%= add(a, b) %>%>
36: 	<%=뺄셈 : <%= sub(a, b) %>%>
37: %>
38: 
39: </body>


An error occurred at line: [36] in the jsp file: [/time.jsp]
Syntax error on token "<", invalid Expression
33: 	int b = 9;
34: 	
35: 	<%=덧셈 :<%= add(a, b) %>%>
36: 	<%=뺄셈 : <%= sub(a, b) %>%>
37: %>
38: 
39: </body>


An error occurred at line: [36] in the jsp file: [/time.jsp]
Syntax error on token ")", delete this token
33: 	int b = 9;
34: 	
35: 	<%=덧셈 :<%= add(a, b) %>%>
36: 	<%=뺄셈 : <%= sub(a, b) %>%>
37: %>
38: 
39: </body>


Stacktrace:] with root cause
 org.apache.jasper.JasperException: Unable to compile class for JSP: 

An error occurred at line: [7] in the jsp file: [/time.jsp]
Duplicate local variable a
4: 
5: <%!  
6: 	public int add(int a, int b){
7: 		int a;
8: 		int b;
9: 		
10: 		int result = a + b;


An error occurred at line: [8] in the jsp file: [/time.jsp]
Duplicate local variable b
5: <%!  
6: 	public int add(int a, int b){
7: 		int a;
8: 		int b;
9: 		
10: 		int result = a + b;
11: 		return result;


An error occurred at line: [17] in the jsp file: [/time.jsp]
Duplicate local variable a
14: 
15: <%!
16: 	public int sub(int a, int b){
17: 		int a;
18: 		int b;
19: 
20: 		int result = a - b;


An error occurred at line: [18] in the jsp file: [/time.jsp]
Duplicate local variable b
15: <%!
16: 	public int sub(int a, int b){
17: 		int a;
18: 		int b;
19: 
20: 		int result = a - b;
21: 		return result;


An error occurred at line: [35] in the jsp file: [/time.jsp]
Syntax error on tokens, delete these tokens
32: 	int a = 8;
33: 	int b = 9;
34: 	
35: 	<%=덧셈 :<%= add(a, b) %>%>
36: 	<%=뺄셈 : <%= sub(a, b) %>%>
37: %>
38: 


An error occurred at line: [35] in the jsp file: [/time.jsp]
Syntax error on token "<", invalid Expression
32: 	int a = 8;
33: 	int b = 9;
34: 	
35: 	<%=덧셈 :<%= add(a, b) %>%>
36: 	<%=뺄셈 : <%= sub(a, b) %>%>
37: %>
38: 


An error occurred at line: [35] in the jsp file: [/time.jsp]
Syntax error, insert ";" to complete Statement
32: 	int a = 8;
33: 	int b = 9;
34: 	
35: 	<%=덧셈 :<%= add(a, b) %>%>
36: 	<%=뺄셈 : <%= sub(a, b) %>%>
37: %>
38: 


An error occurred at line: [36] in the jsp file: [/time.jsp]
Syntax error on token(s), misplaced construct(s)
33: 	int b = 9;
34: 	
35: 	<%=덧셈 :<%= add(a, b) %>%>
36: 	<%=뺄셈 : <%= sub(a, b) %>%>
37: %>
38: 
39: </body>


An error occurred at line: [36] in the jsp file: [/time.jsp]
Syntax error on token "<", invalid Expression
33: 	int b = 9;
34: 	
35: 	<%=덧셈 :<%= add(a, b) %>%>
36: 	<%=뺄셈 : <%= sub(a, b) %>%>
37: %>
38: 
39: </body>


An error occurred at line: [36] in the jsp file: [/time.jsp]
Syntax error on token ")", delete this token
33: 	int b = 9;
34: 	
35: 	<%=덧셈 :<%= add(a, b) %>%>
36: 	<%=뺄셈 : <%= sub(a, b) %>%>
37: %>
38: 
39: </body>


Stacktrace:
	at org.apache.jasper.compiler.DefaultErrorHandler.javacError(DefaultErrorHandler.java:102)
	at org.apache.jasper.compiler.ErrorDispatcher.javacError(ErrorDispatcher.java:212)
	at org.apache.jasper.compiler.JDTCompiler.generateClass(JDTCompiler.java:495)
	at org.apache.jasper.compiler.Compiler.compile(Compiler.java:378)
	at org.apache.jasper.compiler.Compiler.compile(Compiler.java:350)
	at org.apache.jasper.compiler.Compiler.compile(Compiler.java:334)
	at org.apache.jasper.JspCompilationContext.compile(JspCompilationContext.java:595)
	at org.apache.jasper.servlet.JspServletWrapper.service(JspServletWrapper.java:399)
	at org.apache.jasper.servlet.JspServlet.serviceJspFile(JspServlet.java:386)
	at org.apache.jasper.servlet.JspServlet.service(JspServlet.java:330)
	at javax.servlet.http.HttpServlet.service(HttpServlet.java:742)
	at org.apache.catalina.core.ApplicationFilterChain.internalDoFilter(ApplicationFilterChain.java:231)
	at org.apache.catalina.core.ApplicationFilterChain.doFilter(ApplicationFilterChain.java:166)
	at org.apache.tomcat.websocket.server.WsFilter.doFilter(WsFilter.java:52)
	at org.apache.catalina.core.ApplicationFilterChain.internalDoFilter(ApplicationFilterChain.java:193)
	at org.apache.catalina.core.ApplicationFilterChain.doFilter(ApplicationFilterChain.java:166)
	at org.apache.catalina.core.StandardWrapperValve.invoke(StandardWrapperValve.java:198)
	at org.apache.catalina.core.StandardContextValve.invoke(StandardContextValve.java:96)
	at org.apache.catalina.authenticator.AuthenticatorBase.invoke(AuthenticatorBase.java:493)
	at org.apache.catalina.core.StandardHostValve.invoke(StandardHostValve.java:140)
	at org.apache.catalina.valves.ErrorReportValve.invoke(ErrorReportValve.java:81)
	at org.apache.catalina.valves.AbstractAccessLogValve.invoke(AbstractAccessLogValve.java:650)
	at org.apache.catalina.core.StandardEngineValve.invoke(StandardEngineValve.java:87)
	at org.apache.catalina.connector.CoyoteAdapter.service(CoyoteAdapter.java:342)
	at org.apache.coyote.http11.Http11Processor.service(Http11Processor.java:800)
	at org.apache.coyote.AbstractProcessorLight.process(AbstractProcessorLight.java:66)
	at org.apache.coyote.AbstractProtocol$ConnectionHandler.process(AbstractProtocol.java:806)
	at org.apache.tomcat.util.net.NioEndpoint$SocketProcessor.doRun(NioEndpoint.java:1498)
	at org.apache.tomcat.util.net.SocketProcessorBase.run(SocketProcessorBase.java:49)
	at java.util.concurrent.ThreadPoolExecutor.runWorker(ThreadPoolExecutor.java:1149)
	at java.util.concurrent.ThreadPoolExecutor$Worker.run(ThreadPoolExecutor.java:624)
	at org.apache.tomcat.util.threads.TaskThread$WrappingRunnable.run(TaskThread.java:61)
	at java.lang.Thread.run(Thread.java:748)

03-Jan-2019 16:11:00.751 심각 [http-nio-8080-exec-3] org.apache.catalina.core.StandardWrapperValve.invoke Servlet.service() for servlet [jsp] in context with path [/chap2] threw exception [Unable to compile class for JSP: 

An error occurred at line: [7] in the jsp file: [/time.jsp]
Duplicate local variable a
4: 
5: <%!  
6: 	public int add(int a, int b){
7: 		int a;
8: 		int b;
9: 		
10: 		int result = a + b;


An error occurred at line: [8] in the jsp file: [/time.jsp]
Duplicate local variable b
5: <%!  
6: 	public int add(int a, int b){
7: 		int a;
8: 		int b;
9: 		
10: 		int result = a + b;
11: 		return result;


An error occurred at line: [17] in the jsp file: [/time.jsp]
Duplicate local variable a
14: 
15: <%!
16: 	public int sub(int a, int b){
17: 		int a;
18: 		int b;
19: 
20: 		int result = a - b;


An error occurred at line: [18] in the jsp file: [/time.jsp]
Duplicate local variable b
15: <%!
16: 	public int sub(int a, int b){
17: 		int a;
18: 		int b;
19: 
20: 		int result = a - b;
21: 		return result;


Stacktrace:] with root cause
 org.apache.jasper.JasperException: Unable to compile class for JSP: 

An error occurred at line: [7] in the jsp file: [/time.jsp]
Duplicate local variable a
4: 
5: <%!  
6: 	public int add(int a, int b){
7: 		int a;
8: 		int b;
9: 		
10: 		int result = a + b;


An error occurred at line: [8] in the jsp file: [/time.jsp]
Duplicate local variable b
5: <%!  
6: 	public int add(int a, int b){
7: 		int a;
8: 		int b;
9: 		
10: 		int result = a + b;
11: 		return result;


An error occurred at line: [17] in the jsp file: [/time.jsp]
Duplicate local variable a
14: 
15: <%!
16: 	public int sub(int a, int b){
17: 		int a;
18: 		int b;
19: 
20: 		int result = a - b;


An error occurred at line: [18] in the jsp file: [/time.jsp]
Duplicate local variable b
15: <%!
16: 	public int sub(int a, int b){
17: 		int a;
18: 		int b;
19: 
20: 		int result = a - b;
21: 		return result;


Stacktrace:
	at org.apache.jasper.compiler.DefaultErrorHandler.javacError(DefaultErrorHandler.java:102)
	at org.apache.jasper.compiler.ErrorDispatcher.javacError(ErrorDispatcher.java:212)
	at org.apache.jasper.compiler.JDTCompiler.generateClass(JDTCompiler.java:495)
	at org.apache.jasper.compiler.Compiler.compile(Compiler.java:378)
	at org.apache.jasper.compiler.Compiler.compile(Compiler.java:350)
	at org.apache.jasper.compiler.Compiler.compile(Compiler.java:334)
	at org.apache.jasper.JspCompilationContext.compile(JspCompilationContext.java:595)
	at org.apache.jasper.servlet.JspServletWrapper.service(JspServletWrapper.java:399)
	at org.apache.jasper.servlet.JspServlet.serviceJspFile(JspServlet.java:386)
	at org.apache.jasper.servlet.JspServlet.service(JspServlet.java:330)
	at javax.servlet.http.HttpServlet.service(HttpServlet.java:742)
	at org.apache.catalina.core.ApplicationFilterChain.internalDoFilter(ApplicationFilterChain.java:231)
	at org.apache.catalina.core.ApplicationFilterChain.doFilter(ApplicationFilterChain.java:166)
	at org.apache.tomcat.websocket.server.WsFilter.doFilter(WsFilter.java:52)
	at org.apache.catalina.core.ApplicationFilterChain.internalDoFilter(ApplicationFilterChain.java:193)
	at org.apache.catalina.core.ApplicationFilterChain.doFilter(ApplicationFilterChain.java:166)
	at org.apache.catalina.core.StandardWrapperValve.invoke(StandardWrapperValve.java:198)
	at org.apache.catalina.core.StandardContextValve.invoke(StandardContextValve.java:96)
	at org.apache.catalina.authenticator.AuthenticatorBase.invoke(AuthenticatorBase.java:493)
	at org.apache.catalina.core.StandardHostValve.invoke(StandardHostValve.java:140)
	at org.apache.catalina.valves.ErrorReportValve.invoke(ErrorReportValve.java:81)
	at org.apache.catalina.valves.AbstractAccessLogValve.invoke(AbstractAccessLogValve.java:650)
	at org.apache.catalina.core.StandardEngineValve.invoke(StandardEngineValve.java:87)
	at org.apache.catalina.connector.CoyoteAdapter.service(CoyoteAdapter.java:342)
	at org.apache.coyote.http11.Http11Processor.service(Http11Processor.java:800)
	at org.apache.coyote.AbstractProcessorLight.process(AbstractProcessorLight.java:66)
	at org.apache.coyote.AbstractProtocol$ConnectionHandler.process(AbstractProtocol.java:806)
	at org.apache.tomcat.util.net.NioEndpoint$SocketProcessor.doRun(NioEndpoint.java:1498)
	at org.apache.tomcat.util.net.SocketProcessorBase.run(SocketProcessorBase.java:49)
	at java.util.concurrent.ThreadPoolExecutor.runWorker(ThreadPoolExecutor.java:1149)
	at java.util.concurrent.ThreadPoolExecutor$Worker.run(ThreadPoolExecutor.java:624)
	at org.apache.tomcat.util.threads.TaskThread$WrappingRunnable.run(TaskThread.java:61)
	at java.lang.Thread.run(Thread.java:748)

