10-Jan-2019 13:47:28.673 정보 [localhost-startStop-1] org.apache.catalina.core.ApplicationContext.log ContextListener: contextInitialized()
10-Jan-2019 13:47:28.673 정보 [localhost-startStop-1] org.apache.catalina.core.ApplicationContext.log SessionListener: contextInitialized()
10-Jan-2019 13:47:28.675 정보 [localhost-startStop-1] org.apache.catalina.core.ApplicationContext.log ContextListener: attributeAdded('StockTicker', 'async.Stockticker@67a87a00')
10-Jan-2019 13:47:34.180 정보 [http-nio-8080-exec-9] org.apache.catalina.core.ApplicationContext.log SessionListener: sessionDestroyed('58BFE66A34064B7629AFA233F7BA3DB9')
10-Jan-2019 13:47:34.189 정보 [http-nio-8080-exec-9] org.apache.catalina.core.ApplicationContext.log ContextListener: attributeAdded('org.apache.jasper.runtime.JspApplicationContextImpl', 'org.apache.jasper.runtime.JspApplicationContextImpl@639ef6ee')
10-Jan-2019 13:47:34.189 정보 [http-nio-8080-exec-9] org.apache.catalina.core.ApplicationContext.log SessionListener: sessionCreated('5605D0BE971E20DB0FC79B4B22486C37')
10-Jan-2019 13:47:34.191 정보 [http-nio-8080-exec-9] org.apache.catalina.core.ApplicationContext.log 로그메세지
10-Jan-2019 13:47:38.581 정보 [http-nio-8080-exec-10] org.apache.catalina.core.ApplicationContext.log ContextListener: attributeAdded('org.apache.jasper.compiler.ELInterpreter', 'org.apache.jasper.compiler.ELInterpreterFactory$DefaultELInterpreter@7454f3a5')
10-Jan-2019 13:48:39.479 심각 [http-nio-8080-exec-6] org.apache.catalina.core.StandardWrapperValve.invoke Servlet.service() for servlet [jsp] in context with path [/examples] threw exception [Unable to compile class for JSP: 

An error occurred at line: [19] in the jsp file: [/web2.3/chap09.jsp]
br cannot be resolved to a type
16:     response.addCookie(cookie);
17: 
18:     out.println(cookie.getName());
19:     <br>
20:     out.println(cookie.getValue());
21: %>
22: </body>


An error occurred at line: [19] in the jsp file: [/web2.3/chap09.jsp]
Syntax error, insert "super ( ) ;" to complete Statement
16:     response.addCookie(cookie);
17: 
18:     out.println(cookie.getName());
19:     <br>
20:     out.println(cookie.getValue());
21: %>
22: </body>


An error occurred at line: [19] in the jsp file: [/web2.3/chap09.jsp]
Constructor call must be the first statement in a constructor
16:     response.addCookie(cookie);
17: 
18:     out.println(cookie.getName());
19:     <br>
20:     out.println(cookie.getValue());
21: %>
22: </body>


Stacktrace:] with root cause
 org.apache.jasper.JasperException: Unable to compile class for JSP: 

An error occurred at line: [19] in the jsp file: [/web2.3/chap09.jsp]
br cannot be resolved to a type
16:     response.addCookie(cookie);
17: 
18:     out.println(cookie.getName());
19:     <br>
20:     out.println(cookie.getValue());
21: %>
22: </body>


An error occurred at line: [19] in the jsp file: [/web2.3/chap09.jsp]
Syntax error, insert "super ( ) ;" to complete Statement
16:     response.addCookie(cookie);
17: 
18:     out.println(cookie.getName());
19:     <br>
20:     out.println(cookie.getValue());
21: %>
22: </body>


An error occurred at line: [19] in the jsp file: [/web2.3/chap09.jsp]
Constructor call must be the first statement in a constructor
16:     response.addCookie(cookie);
17: 
18:     out.println(cookie.getName());
19:     <br>
20:     out.println(cookie.getValue());
21: %>
22: </body>


Stacktrace:
	at org.apache.jasper.compiler.DefaultErrorHandler.javacError(DefaultErrorHandler.java:102)
	at org.apache.jasper.compiler.ErrorDispatcher.javacError(ErrorDispatcher.java:212)
	at org.apache.jasper.compiler.JDTCompiler.generateClass(JDTCompiler.java:495)
	at org.apache.jasper.compiler.Compiler.compile(Compiler.java:378)
	at org.apache.jasper.compiler.Compiler.compile(Compiler.java:350)
	at org.apache.jasper.compiler.Compiler.compile(Compiler.java:334)
	at org.apache.jasper.JspCompilationContext.compile(JspCompilationContext.java:595)
	at org.apache.jasper.servlet.JspServletWrapper.service(JspServletWrapper.java:399)
	at org.apache.jasper.servlet.JspServlet.serviceJspFile(JspServlet.java:386)
	at org.apache.jasper.servlet.JspServlet.service(JspServlet.java:330)
	at javax.servlet.http.HttpServlet.service(HttpServlet.java:742)
	at org.apache.catalina.core.ApplicationFilterChain.internalDoFilter(ApplicationFilterChain.java:231)
	at org.apache.catalina.core.ApplicationFilterChain.doFilter(ApplicationFilterChain.java:166)
	at org.apache.tomcat.websocket.server.WsFilter.doFilter(WsFilter.java:52)
	at org.apache.catalina.core.ApplicationFilterChain.internalDoFilter(ApplicationFilterChain.java:193)
	at org.apache.catalina.core.ApplicationFilterChain.doFilter(ApplicationFilterChain.java:166)
	at org.apache.catalina.filters.SetCharacterEncodingFilter.doFilter(SetCharacterEncodingFilter.java:109)
	at org.apache.catalina.core.ApplicationFilterChain.internalDoFilter(ApplicationFilterChain.java:193)
	at org.apache.catalina.core.ApplicationFilterChain.doFilter(ApplicationFilterChain.java:166)
	at org.apache.catalina.core.StandardWrapperValve.invoke(StandardWrapperValve.java:198)
	at org.apache.catalina.core.StandardContextValve.invoke(StandardContextValve.java:96)
	at org.apache.catalina.authenticator.AuthenticatorBase.invoke(AuthenticatorBase.java:493)
	at org.apache.catalina.core.StandardHostValve.invoke(StandardHostValve.java:140)
	at org.apache.catalina.valves.ErrorReportValve.invoke(ErrorReportValve.java:81)
	at org.apache.catalina.valves.AbstractAccessLogValve.invoke(AbstractAccessLogValve.java:650)
	at org.apache.catalina.core.StandardEngineValve.invoke(StandardEngineValve.java:87)
	at org.apache.catalina.connector.CoyoteAdapter.service(CoyoteAdapter.java:342)
	at org.apache.coyote.http11.Http11Processor.service(Http11Processor.java:800)
	at org.apache.coyote.AbstractProcessorLight.process(AbstractProcessorLight.java:66)
	at org.apache.coyote.AbstractProtocol$ConnectionHandler.process(AbstractProtocol.java:806)
	at org.apache.tomcat.util.net.NioEndpoint$SocketProcessor.doRun(NioEndpoint.java:1498)
	at org.apache.tomcat.util.net.SocketProcessorBase.run(SocketProcessorBase.java:49)
	at java.util.concurrent.ThreadPoolExecutor.runWorker(ThreadPoolExecutor.java:1149)
	at java.util.concurrent.ThreadPoolExecutor$Worker.run(ThreadPoolExecutor.java:624)
	at org.apache.tomcat.util.threads.TaskThread$WrappingRunnable.run(TaskThread.java:61)
	at java.lang.Thread.run(Thread.java:748)

10-Jan-2019 14:02:20.406 심각 [http-nio-8080-exec-10] org.apache.catalina.core.StandardWrapperValve.invoke Servlet.service() for servlet [jsp] in context with path [/examples] threw exception [Unable to compile class for JSP: 

An error occurred at line: [26] in the jsp file: [/web2.3/chap09.jsp]
The method print(boolean) in the type JspWriter is not applicable for the arguments (void)
23:         <br>
24:         cookie : <%= cookies[i].getValue()%>
25:         <br>
26:         <%= cookies[i].setMaxAge(0);%>
27: <%
28:     }
29:     } else { %>


An error occurred at line: [26] in the jsp file: [/web2.3/chap09.jsp]
Syntax error on token ";", delete this token
23:         <br>
24:         cookie : <%= cookies[i].getValue()%>
25:         <br>
26:         <%= cookies[i].setMaxAge(0);%>
27: <%
28:     }
29:     } else { %>


Stacktrace:] with root cause
 org.apache.jasper.JasperException: Unable to compile class for JSP: 

An error occurred at line: [26] in the jsp file: [/web2.3/chap09.jsp]
The method print(boolean) in the type JspWriter is not applicable for the arguments (void)
23:         <br>
24:         cookie : <%= cookies[i].getValue()%>
25:         <br>
26:         <%= cookies[i].setMaxAge(0);%>
27: <%
28:     }
29:     } else { %>


An error occurred at line: [26] in the jsp file: [/web2.3/chap09.jsp]
Syntax error on token ";", delete this token
23:         <br>
24:         cookie : <%= cookies[i].getValue()%>
25:         <br>
26:         <%= cookies[i].setMaxAge(0);%>
27: <%
28:     }
29:     } else { %>


Stacktrace:
	at org.apache.jasper.compiler.DefaultErrorHandler.javacError(DefaultErrorHandler.java:102)
	at org.apache.jasper.compiler.ErrorDispatcher.javacError(ErrorDispatcher.java:212)
	at org.apache.jasper.compiler.JDTCompiler.generateClass(JDTCompiler.java:495)
	at org.apache.jasper.compiler.Compiler.compile(Compiler.java:378)
	at org.apache.jasper.compiler.Compiler.compile(Compiler.java:350)
	at org.apache.jasper.compiler.Compiler.compile(Compiler.java:334)
	at org.apache.jasper.JspCompilationContext.compile(JspCompilationContext.java:595)
	at org.apache.jasper.servlet.JspServletWrapper.service(JspServletWrapper.java:399)
	at org.apache.jasper.servlet.JspServlet.serviceJspFile(JspServlet.java:386)
	at org.apache.jasper.servlet.JspServlet.service(JspServlet.java:330)
	at javax.servlet.http.HttpServlet.service(HttpServlet.java:742)
	at org.apache.catalina.core.ApplicationFilterChain.internalDoFilter(ApplicationFilterChain.java:231)
	at org.apache.catalina.core.ApplicationFilterChain.doFilter(ApplicationFilterChain.java:166)
	at org.apache.tomcat.websocket.server.WsFilter.doFilter(WsFilter.java:52)
	at org.apache.catalina.core.ApplicationFilterChain.internalDoFilter(ApplicationFilterChain.java:193)
	at org.apache.catalina.core.ApplicationFilterChain.doFilter(ApplicationFilterChain.java:166)
	at org.apache.catalina.filters.SetCharacterEncodingFilter.doFilter(SetCharacterEncodingFilter.java:109)
	at org.apache.catalina.core.ApplicationFilterChain.internalDoFilter(ApplicationFilterChain.java:193)
	at org.apache.catalina.core.ApplicationFilterChain.doFilter(ApplicationFilterChain.java:166)
	at org.apache.catalina.core.StandardWrapperValve.invoke(StandardWrapperValve.java:198)
	at org.apache.catalina.core.StandardContextValve.invoke(StandardContextValve.java:96)
	at org.apache.catalina.authenticator.AuthenticatorBase.invoke(AuthenticatorBase.java:493)
	at org.apache.catalina.core.StandardHostValve.invoke(StandardHostValve.java:140)
	at org.apache.catalina.valves.ErrorReportValve.invoke(ErrorReportValve.java:81)
	at org.apache.catalina.valves.AbstractAccessLogValve.invoke(AbstractAccessLogValve.java:650)
	at org.apache.catalina.core.StandardEngineValve.invoke(StandardEngineValve.java:87)
	at org.apache.catalina.connector.CoyoteAdapter.service(CoyoteAdapter.java:342)
	at org.apache.coyote.http11.Http11Processor.service(Http11Processor.java:800)
	at org.apache.coyote.AbstractProcessorLight.process(AbstractProcessorLight.java:66)
	at org.apache.coyote.AbstractProtocol$ConnectionHandler.process(AbstractProtocol.java:806)
	at org.apache.tomcat.util.net.NioEndpoint$SocketProcessor.doRun(NioEndpoint.java:1498)
	at org.apache.tomcat.util.net.SocketProcessorBase.run(SocketProcessorBase.java:49)
	at java.util.concurrent.ThreadPoolExecutor.runWorker(ThreadPoolExecutor.java:1149)
	at java.util.concurrent.ThreadPoolExecutor$Worker.run(ThreadPoolExecutor.java:624)
	at org.apache.tomcat.util.threads.TaskThread$WrappingRunnable.run(TaskThread.java:61)
	at java.lang.Thread.run(Thread.java:748)

10-Jan-2019 14:02:25.230 심각 [http-nio-8080-exec-1] org.apache.catalina.core.StandardWrapperValve.invoke Servlet.service() for servlet [jsp] in context with path [/examples] threw exception [Unable to compile class for JSP: 

An error occurred at line: [26] in the jsp file: [/web2.3/chap09.jsp]
The method print(boolean) in the type JspWriter is not applicable for the arguments (void)
23:         <br>
24:         cookie : <%= cookies[i].getValue()%>
25:         <br>
26:         <%= cookies[i].setMaxAge(0);%>
27: <%
28:     }
29:     } else { %>


An error occurred at line: [26] in the jsp file: [/web2.3/chap09.jsp]
Syntax error on token ";", delete this token
23:         <br>
24:         cookie : <%= cookies[i].getValue()%>
25:         <br>
26:         <%= cookies[i].setMaxAge(0);%>
27: <%
28:     }
29:     } else { %>


Stacktrace:] with root cause
 org.apache.jasper.JasperException: Unable to compile class for JSP: 

An error occurred at line: [26] in the jsp file: [/web2.3/chap09.jsp]
The method print(boolean) in the type JspWriter is not applicable for the arguments (void)
23:         <br>
24:         cookie : <%= cookies[i].getValue()%>
25:         <br>
26:         <%= cookies[i].setMaxAge(0);%>
27: <%
28:     }
29:     } else { %>


An error occurred at line: [26] in the jsp file: [/web2.3/chap09.jsp]
Syntax error on token ";", delete this token
23:         <br>
24:         cookie : <%= cookies[i].getValue()%>
25:         <br>
26:         <%= cookies[i].setMaxAge(0);%>
27: <%
28:     }
29:     } else { %>


Stacktrace:
	at org.apache.jasper.compiler.DefaultErrorHandler.javacError(DefaultErrorHandler.java:102)
	at org.apache.jasper.compiler.ErrorDispatcher.javacError(ErrorDispatcher.java:212)
	at org.apache.jasper.compiler.JDTCompiler.generateClass(JDTCompiler.java:495)
	at org.apache.jasper.compiler.Compiler.compile(Compiler.java:378)
	at org.apache.jasper.compiler.Compiler.compile(Compiler.java:350)
	at org.apache.jasper.compiler.Compiler.compile(Compiler.java:334)
	at org.apache.jasper.JspCompilationContext.compile(JspCompilationContext.java:595)
	at org.apache.jasper.servlet.JspServletWrapper.service(JspServletWrapper.java:399)
	at org.apache.jasper.servlet.JspServlet.serviceJspFile(JspServlet.java:386)
	at org.apache.jasper.servlet.JspServlet.service(JspServlet.java:330)
	at javax.servlet.http.HttpServlet.service(HttpServlet.java:742)
	at org.apache.catalina.core.ApplicationFilterChain.internalDoFilter(ApplicationFilterChain.java:231)
	at org.apache.catalina.core.ApplicationFilterChain.doFilter(ApplicationFilterChain.java:166)
	at org.apache.tomcat.websocket.server.WsFilter.doFilter(WsFilter.java:52)
	at org.apache.catalina.core.ApplicationFilterChain.internalDoFilter(ApplicationFilterChain.java:193)
	at org.apache.catalina.core.ApplicationFilterChain.doFilter(ApplicationFilterChain.java:166)
	at org.apache.catalina.filters.SetCharacterEncodingFilter.doFilter(SetCharacterEncodingFilter.java:109)
	at org.apache.catalina.core.ApplicationFilterChain.internalDoFilter(ApplicationFilterChain.java:193)
	at org.apache.catalina.core.ApplicationFilterChain.doFilter(ApplicationFilterChain.java:166)
	at org.apache.catalina.core.StandardWrapperValve.invoke(StandardWrapperValve.java:198)
	at org.apache.catalina.core.StandardContextValve.invoke(StandardContextValve.java:96)
	at org.apache.catalina.authenticator.AuthenticatorBase.invoke(AuthenticatorBase.java:493)
	at org.apache.catalina.core.StandardHostValve.invoke(StandardHostValve.java:140)
	at org.apache.catalina.valves.ErrorReportValve.invoke(ErrorReportValve.java:81)
	at org.apache.catalina.valves.AbstractAccessLogValve.invoke(AbstractAccessLogValve.java:650)
	at org.apache.catalina.core.StandardEngineValve.invoke(StandardEngineValve.java:87)
	at org.apache.catalina.connector.CoyoteAdapter.service(CoyoteAdapter.java:342)
	at org.apache.coyote.http11.Http11Processor.service(Http11Processor.java:800)
	at org.apache.coyote.AbstractProcessorLight.process(AbstractProcessorLight.java:66)
	at org.apache.coyote.AbstractProtocol$ConnectionHandler.process(AbstractProtocol.java:806)
	at org.apache.tomcat.util.net.NioEndpoint$SocketProcessor.doRun(NioEndpoint.java:1498)
	at org.apache.tomcat.util.net.SocketProcessorBase.run(SocketProcessorBase.java:49)
	at java.util.concurrent.ThreadPoolExecutor.runWorker(ThreadPoolExecutor.java:1149)
	at java.util.concurrent.ThreadPoolExecutor$Worker.run(ThreadPoolExecutor.java:624)
	at org.apache.tomcat.util.threads.TaskThread$WrappingRunnable.run(TaskThread.java:61)
	at java.lang.Thread.run(Thread.java:748)

