16-Jan-2019 13:54:42.708 정보 [main] org.apache.catalina.startup.VersionLoggerListener.log Server version:        Apache Tomcat/8.5.37
16-Jan-2019 13:54:42.715 정보 [main] org.apache.catalina.startup.VersionLoggerListener.log Server built:          Dec 12 2018 12:07:02 UTC
16-Jan-2019 13:54:42.715 정보 [main] org.apache.catalina.startup.VersionLoggerListener.log Server number:         8.5.37.0
16-Jan-2019 13:54:42.715 정보 [main] org.apache.catalina.startup.VersionLoggerListener.log OS Name:               Mac OS X
16-Jan-2019 13:54:42.716 정보 [main] org.apache.catalina.startup.VersionLoggerListener.log OS Version:            10.14
16-Jan-2019 13:54:42.716 정보 [main] org.apache.catalina.startup.VersionLoggerListener.log Architecture:          x86_64
16-Jan-2019 13:54:42.716 정보 [main] org.apache.catalina.startup.VersionLoggerListener.log Java Home:             /Library/Java/JavaVirtualMachines/jdk1.8.0_191.jdk/Contents/Home/jre
16-Jan-2019 13:54:42.716 정보 [main] org.apache.catalina.startup.VersionLoggerListener.log JVM Version:           1.8.0_191-b12
16-Jan-2019 13:54:42.716 정보 [main] org.apache.catalina.startup.VersionLoggerListener.log JVM Vendor:            Oracle Corporation
16-Jan-2019 13:54:42.716 정보 [main] org.apache.catalina.startup.VersionLoggerListener.log CATALINA_BASE:         /Users/kimyosub/eclipse-workspace/JSP/apache-tomcat-8.5.37
16-Jan-2019 13:54:42.716 정보 [main] org.apache.catalina.startup.VersionLoggerListener.log CATALINA_HOME:         /Users/kimyosub/eclipse-workspace/JSP/apache-tomcat-8.5.37
16-Jan-2019 13:54:42.717 정보 [main] org.apache.catalina.startup.VersionLoggerListener.log Command line argument: -Djava.util.logging.config.file=/Users/kimyosub/eclipse-workspace/JSP/apache-tomcat-8.5.37/conf/logging.properties
16-Jan-2019 13:54:42.718 정보 [main] org.apache.catalina.startup.VersionLoggerListener.log Command line argument: -Djava.util.logging.manager=org.apache.juli.ClassLoaderLogManager
16-Jan-2019 13:54:42.718 정보 [main] org.apache.catalina.startup.VersionLoggerListener.log Command line argument: -Djdk.tls.ephemeralDHKeySize=2048
16-Jan-2019 13:54:42.718 정보 [main] org.apache.catalina.startup.VersionLoggerListener.log Command line argument: -Djava.protocol.handler.pkgs=org.apache.catalina.webresources
16-Jan-2019 13:54:42.718 정보 [main] org.apache.catalina.startup.VersionLoggerListener.log Command line argument: -Dorg.apache.catalina.security.SecurityListener.UMASK=0027
16-Jan-2019 13:54:42.718 정보 [main] org.apache.catalina.startup.VersionLoggerListener.log Command line argument: -Dignore.endorsed.dirs=
16-Jan-2019 13:54:42.719 정보 [main] org.apache.catalina.startup.VersionLoggerListener.log Command line argument: -Dcatalina.base=/Users/kimyosub/eclipse-workspace/JSP/apache-tomcat-8.5.37
16-Jan-2019 13:54:42.719 정보 [main] org.apache.catalina.startup.VersionLoggerListener.log Command line argument: -Dcatalina.home=/Users/kimyosub/eclipse-workspace/JSP/apache-tomcat-8.5.37
16-Jan-2019 13:54:42.719 정보 [main] org.apache.catalina.startup.VersionLoggerListener.log Command line argument: -Djava.io.tmpdir=/Users/kimyosub/eclipse-workspace/JSP/apache-tomcat-8.5.37/temp
16-Jan-2019 13:54:42.719 정보 [main] org.apache.catalina.core.AprLifecycleListener.lifecycleEvent The APR based Apache Tomcat Native library which allows optimal performance in production environments was not found on the java.library.path: [/Users/kimyosub/Library/Java/Extensions:/Library/Java/Extensions:/Network/Library/Java/Extensions:/System/Library/Java/Extensions:/usr/lib/java:.]
16-Jan-2019 13:54:42.980 정보 [main] org.apache.coyote.AbstractProtocol.init Initializing ProtocolHandler ["http-nio-8080"]
16-Jan-2019 13:54:43.022 정보 [main] org.apache.tomcat.util.net.NioSelectorPool.getSharedSelector Using a shared selector for servlet write/read
16-Jan-2019 13:54:43.053 정보 [main] org.apache.coyote.AbstractProtocol.init Initializing ProtocolHandler ["ajp-nio-8009"]
16-Jan-2019 13:54:43.058 정보 [main] org.apache.tomcat.util.net.NioSelectorPool.getSharedSelector Using a shared selector for servlet write/read
16-Jan-2019 13:54:43.062 정보 [main] org.apache.catalina.startup.Catalina.load Initialization processed in 1094 ms
16-Jan-2019 13:54:43.236 정보 [main] org.apache.catalina.core.StandardService.startInternal Starting service [Catalina]
16-Jan-2019 13:54:43.236 정보 [main] org.apache.catalina.core.StandardEngine.startInternal Starting Servlet Engine: Apache Tomcat/8.5.37
16-Jan-2019 13:54:43.257 정보 [localhost-startStop-1] org.apache.catalina.startup.HostConfig.deployDirectory Deploying web application directory [/Users/kimyosub/eclipse-workspace/JSP/apache-tomcat-8.5.37/webapps/chap04]
16-Jan-2019 13:54:44.438 정보 [localhost-startStop-1] org.apache.catalina.startup.HostConfig.deployDirectory Deployment of web application directory [/Users/kimyosub/eclipse-workspace/JSP/apache-tomcat-8.5.37/webapps/chap04] has finished in [1,180] ms
16-Jan-2019 13:54:44.438 정보 [localhost-startStop-1] org.apache.catalina.startup.HostConfig.deployDirectory Deploying web application directory [/Users/kimyosub/eclipse-workspace/JSP/apache-tomcat-8.5.37/webapps/chap10_2]
16-Jan-2019 13:54:44.468 정보 [localhost-startStop-1] org.apache.catalina.startup.HostConfig.deployDirectory Deployment of web application directory [/Users/kimyosub/eclipse-workspace/JSP/apache-tomcat-8.5.37/webapps/chap10_2] has finished in [30] ms
16-Jan-2019 13:54:44.469 정보 [localhost-startStop-1] org.apache.catalina.startup.HostConfig.deployDirectory Deploying web application directory [/Users/kimyosub/eclipse-workspace/JSP/apache-tomcat-8.5.37/webapps/chap03]
16-Jan-2019 13:54:44.490 정보 [localhost-startStop-1] org.apache.catalina.startup.HostConfig.deployDirectory Deployment of web application directory [/Users/kimyosub/eclipse-workspace/JSP/apache-tomcat-8.5.37/webapps/chap03] has finished in [22] ms
16-Jan-2019 13:54:44.490 정보 [localhost-startStop-1] org.apache.catalina.startup.HostConfig.deployDirectory Deploying web application directory [/Users/kimyosub/eclipse-workspace/JSP/apache-tomcat-8.5.37/webapps/chap02]
16-Jan-2019 13:54:44.516 정보 [localhost-startStop-1] org.apache.catalina.startup.HostConfig.deployDirectory Deployment of web application directory [/Users/kimyosub/eclipse-workspace/JSP/apache-tomcat-8.5.37/webapps/chap02] has finished in [26] ms
16-Jan-2019 13:54:44.516 정보 [localhost-startStop-1] org.apache.catalina.startup.HostConfig.deployDirectory Deploying web application directory [/Users/kimyosub/eclipse-workspace/JSP/apache-tomcat-8.5.37/webapps/chap05]
16-Jan-2019 13:54:44.563 정보 [localhost-startStop-1] org.apache.catalina.startup.HostConfig.deployDirectory Deployment of web application directory [/Users/kimyosub/eclipse-workspace/JSP/apache-tomcat-8.5.37/webapps/chap05] has finished in [47] ms
16-Jan-2019 13:54:44.564 정보 [localhost-startStop-1] org.apache.catalina.startup.HostConfig.deployDirectory Deploying web application directory [/Users/kimyosub/eclipse-workspace/JSP/apache-tomcat-8.5.37/webapps/board]
16-Jan-2019 13:54:45.370 정보 [localhost-startStop-1] org.apache.jasper.servlet.TldScanner.scanJars At least one JAR was scanned for TLDs yet contained no TLDs. Enable debug logging for this logger for a complete list of JARs that were scanned but no TLDs were found in them. Skipping unneeded JARs during scanning can improve startup time and JSP compilation time.
16-Jan-2019 13:54:45.561 정보 [localhost-startStop-1] org.apache.catalina.startup.HostConfig.deployDirectory Deployment of web application directory [/Users/kimyosub/eclipse-workspace/JSP/apache-tomcat-8.5.37/webapps/board] has finished in [997] ms
16-Jan-2019 13:54:45.561 정보 [localhost-startStop-1] org.apache.catalina.startup.HostConfig.deployDirectory Deploying web application directory [/Users/kimyosub/eclipse-workspace/JSP/apache-tomcat-8.5.37/webapps/appB]
16-Jan-2019 13:54:45.591 정보 [localhost-startStop-1] org.apache.catalina.startup.HostConfig.deployDirectory Deployment of web application directory [/Users/kimyosub/eclipse-workspace/JSP/apache-tomcat-8.5.37/webapps/appB] has finished in [30] ms
16-Jan-2019 13:54:45.592 정보 [localhost-startStop-1] org.apache.catalina.startup.HostConfig.deployDirectory Deploying web application directory [/Users/kimyosub/eclipse-workspace/JSP/apache-tomcat-8.5.37/webapps/chap16]
16-Jan-2019 13:54:45.828 정보 [localhost-startStop-1] org.apache.catalina.startup.HostConfig.deployDirectory Deployment of web application directory [/Users/kimyosub/eclipse-workspace/JSP/apache-tomcat-8.5.37/webapps/chap16] has finished in [237] ms
16-Jan-2019 13:54:45.834 정보 [localhost-startStop-1] org.apache.catalina.startup.HostConfig.deployDirectory Deploying web application directory [/Users/kimyosub/eclipse-workspace/JSP/apache-tomcat-8.5.37/webapps/chap11]
16-Jan-2019 13:54:46.088 정보 [localhost-startStop-1] org.apache.catalina.startup.HostConfig.deployDirectory Deployment of web application directory [/Users/kimyosub/eclipse-workspace/JSP/apache-tomcat-8.5.37/webapps/chap11] has finished in [255] ms
16-Jan-2019 13:54:46.089 정보 [localhost-startStop-1] org.apache.catalina.startup.HostConfig.deployDirectory Deploying web application directory [/Users/kimyosub/eclipse-workspace/JSP/apache-tomcat-8.5.37/webapps/chap18]
16-Jan-2019 13:54:46.272 정보 [localhost-startStop-1] org.apache.catalina.startup.HostConfig.deployDirectory Deployment of web application directory [/Users/kimyosub/eclipse-workspace/JSP/apache-tomcat-8.5.37/webapps/chap18] has finished in [183] ms
16-Jan-2019 13:54:46.273 정보 [localhost-startStop-1] org.apache.catalina.startup.HostConfig.deployDirectory Deploying web application directory [/Users/kimyosub/eclipse-workspace/JSP/apache-tomcat-8.5.37/webapps/chap20]
16-Jan-2019 13:54:46.533 정보 [localhost-startStop-1] org.apache.jasper.servlet.TldScanner.scanJars At least one JAR was scanned for TLDs yet contained no TLDs. Enable debug logging for this logger for a complete list of JARs that were scanned but no TLDs were found in them. Skipping unneeded JARs during scanning can improve startup time and JSP compilation time.
16-Jan-2019 13:54:46.624 정보 [localhost-startStop-1] org.apache.catalina.startup.HostConfig.deployDirectory Deployment of web application directory [/Users/kimyosub/eclipse-workspace/JSP/apache-tomcat-8.5.37/webapps/chap20] has finished in [352] ms
16-Jan-2019 13:54:46.624 정보 [localhost-startStop-1] org.apache.catalina.startup.HostConfig.deployDirectory Deploying web application directory [/Users/kimyosub/eclipse-workspace/JSP/apache-tomcat-8.5.37/webapps/docs]
16-Jan-2019 13:54:46.648 정보 [localhost-startStop-1] org.apache.catalina.startup.HostConfig.deployDirectory Deployment of web application directory [/Users/kimyosub/eclipse-workspace/JSP/apache-tomcat-8.5.37/webapps/docs] has finished in [23] ms
16-Jan-2019 13:54:46.648 정보 [localhost-startStop-1] org.apache.catalina.startup.HostConfig.deployDirectory Deploying web application directory [/Users/kimyosub/eclipse-workspace/JSP/apache-tomcat-8.5.37/webapps/chap19]
16-Jan-2019 13:54:46.697 정보 [localhost-startStop-1] org.apache.catalina.startup.HostConfig.deployDirectory Deployment of web application directory [/Users/kimyosub/eclipse-workspace/JSP/apache-tomcat-8.5.37/webapps/chap19] has finished in [49] ms
16-Jan-2019 13:54:46.698 정보 [localhost-startStop-1] org.apache.catalina.startup.HostConfig.deployDirectory Deploying web application directory [/Users/kimyosub/eclipse-workspace/JSP/apache-tomcat-8.5.37/webapps/chap10]
16-Jan-2019 13:54:46.724 정보 [localhost-startStop-1] org.apache.catalina.startup.HostConfig.deployDirectory Deployment of web application directory [/Users/kimyosub/eclipse-workspace/JSP/apache-tomcat-8.5.37/webapps/chap10] has finished in [26] ms
16-Jan-2019 13:54:46.724 정보 [localhost-startStop-1] org.apache.catalina.startup.HostConfig.deployDirectory Deploying web application directory [/Users/kimyosub/eclipse-workspace/JSP/apache-tomcat-8.5.37/webapps/chap17]
16-Jan-2019 13:54:46.914 정보 [localhost-startStop-1] org.apache.jasper.servlet.TldScanner.scanJars At least one JAR was scanned for TLDs yet contained no TLDs. Enable debug logging for this logger for a complete list of JARs that were scanned but no TLDs were found in them. Skipping unneeded JARs during scanning can improve startup time and JSP compilation time.
16-Jan-2019 13:54:47.001 정보 [localhost-startStop-1] org.apache.catalina.startup.HostConfig.deployDirectory Deployment of web application directory [/Users/kimyosub/eclipse-workspace/JSP/apache-tomcat-8.5.37/webapps/chap17] has finished in [276] ms
16-Jan-2019 13:54:47.001 정보 [localhost-startStop-1] org.apache.catalina.startup.HostConfig.deployDirectory Deploying web application directory [/Users/kimyosub/eclipse-workspace/JSP/apache-tomcat-8.5.37/webapps/chap09]
16-Jan-2019 13:54:47.029 정보 [localhost-startStop-1] org.apache.catalina.startup.HostConfig.deployDirectory Deployment of web application directory [/Users/kimyosub/eclipse-workspace/JSP/apache-tomcat-8.5.37/webapps/chap09] has finished in [27] ms
16-Jan-2019 13:54:47.029 정보 [localhost-startStop-1] org.apache.catalina.startup.HostConfig.deployDirectory Deploying web application directory [/Users/kimyosub/eclipse-workspace/JSP/apache-tomcat-8.5.37/webapps/manager]
16-Jan-2019 13:54:47.072 정보 [localhost-startStop-1] org.apache.catalina.startup.HostConfig.deployDirectory Deployment of web application directory [/Users/kimyosub/eclipse-workspace/JSP/apache-tomcat-8.5.37/webapps/manager] has finished in [43] ms
16-Jan-2019 13:54:47.072 정보 [localhost-startStop-1] org.apache.catalina.startup.HostConfig.deployDirectory Deploying web application directory [/Users/kimyosub/eclipse-workspace/JSP/apache-tomcat-8.5.37/webapps/chap07]
16-Jan-2019 13:54:47.096 정보 [localhost-startStop-1] org.apache.catalina.startup.HostConfig.deployDirectory Deployment of web application directory [/Users/kimyosub/eclipse-workspace/JSP/apache-tomcat-8.5.37/webapps/chap07] has finished in [24] ms
16-Jan-2019 13:54:47.097 정보 [localhost-startStop-1] org.apache.catalina.startup.HostConfig.deployDirectory Deploying web application directory [/Users/kimyosub/eclipse-workspace/JSP/apache-tomcat-8.5.37/webapps/chap06]
16-Jan-2019 13:54:47.120 정보 [localhost-startStop-1] org.apache.catalina.startup.HostConfig.deployDirectory Deployment of web application directory [/Users/kimyosub/eclipse-workspace/JSP/apache-tomcat-8.5.37/webapps/chap06] has finished in [24] ms
16-Jan-2019 13:54:47.120 정보 [localhost-startStop-1] org.apache.catalina.startup.HostConfig.deployDirectory Deploying web application directory [/Users/kimyosub/eclipse-workspace/JSP/apache-tomcat-8.5.37/webapps/chap08]
16-Jan-2019 13:54:47.139 정보 [localhost-startStop-1] org.apache.catalina.startup.HostConfig.deployDirectory Deployment of web application directory [/Users/kimyosub/eclipse-workspace/JSP/apache-tomcat-8.5.37/webapps/chap08] has finished in [19] ms
16-Jan-2019 13:54:47.139 정보 [localhost-startStop-1] org.apache.catalina.startup.HostConfig.deployDirectory Deploying web application directory [/Users/kimyosub/eclipse-workspace/JSP/apache-tomcat-8.5.37/webapps/examples]
16-Jan-2019 13:54:47.470 정보 [localhost-startStop-1] org.apache.catalina.startup.HostConfig.deployDirectory Deployment of web application directory [/Users/kimyosub/eclipse-workspace/JSP/apache-tomcat-8.5.37/webapps/examples] has finished in [331] ms
16-Jan-2019 13:54:47.471 정보 [localhost-startStop-1] org.apache.catalina.startup.HostConfig.deployDirectory Deploying web application directory [/Users/kimyosub/eclipse-workspace/JSP/apache-tomcat-8.5.37/webapps/ROOT]
16-Jan-2019 13:54:47.491 정보 [localhost-startStop-1] org.apache.catalina.startup.HostConfig.deployDirectory Deployment of web application directory [/Users/kimyosub/eclipse-workspace/JSP/apache-tomcat-8.5.37/webapps/ROOT] has finished in [20] ms
16-Jan-2019 13:54:47.491 정보 [localhost-startStop-1] org.apache.catalina.startup.HostConfig.deployDirectory Deploying web application directory [/Users/kimyosub/eclipse-workspace/JSP/apache-tomcat-8.5.37/webapps/chap12]
16-Jan-2019 13:54:47.662 정보 [localhost-startStop-1] org.apache.catalina.startup.HostConfig.deployDirectory Deployment of web application directory [/Users/kimyosub/eclipse-workspace/JSP/apache-tomcat-8.5.37/webapps/chap12] has finished in [171] ms
16-Jan-2019 13:54:47.663 정보 [localhost-startStop-1] org.apache.catalina.startup.HostConfig.deployDirectory Deploying web application directory [/Users/kimyosub/eclipse-workspace/JSP/apache-tomcat-8.5.37/webapps/chap15]
16-Jan-2019 13:54:47.948 정보 [localhost-startStop-1] org.apache.jasper.servlet.TldScanner.scanJars At least one JAR was scanned for TLDs yet contained no TLDs. Enable debug logging for this logger for a complete list of JARs that were scanned but no TLDs were found in them. Skipping unneeded JARs during scanning can improve startup time and JSP compilation time.
16-Jan-2019 13:54:48.040 정보 [localhost-startStop-1] org.apache.catalina.startup.HostConfig.deployDirectory Deployment of web application directory [/Users/kimyosub/eclipse-workspace/JSP/apache-tomcat-8.5.37/webapps/chap15] has finished in [377] ms
16-Jan-2019 13:54:48.040 정보 [localhost-startStop-1] org.apache.catalina.startup.HostConfig.deployDirectory Deploying web application directory [/Users/kimyosub/eclipse-workspace/JSP/apache-tomcat-8.5.37/webapps/host-manager]
16-Jan-2019 13:54:48.062 정보 [localhost-startStop-1] org.apache.catalina.startup.HostConfig.deployDirectory Deployment of web application directory [/Users/kimyosub/eclipse-workspace/JSP/apache-tomcat-8.5.37/webapps/host-manager] has finished in [22] ms
16-Jan-2019 13:54:48.062 정보 [localhost-startStop-1] org.apache.catalina.startup.HostConfig.deployDirectory Deploying web application directory [/Users/kimyosub/eclipse-workspace/JSP/apache-tomcat-8.5.37/webapps/chap14]
16-Jan-2019 13:54:48.312 정보 [localhost-startStop-1] org.apache.jasper.servlet.TldScanner.scanJars At least one JAR was scanned for TLDs yet contained no TLDs. Enable debug logging for this logger for a complete list of JARs that were scanned but no TLDs were found in them. Skipping unneeded JARs during scanning can improve startup time and JSP compilation time.
16-Jan-2019 13:54:48.423 정보 [localhost-startStop-1] org.apache.catalina.startup.HostConfig.deployDirectory Deployment of web application directory [/Users/kimyosub/eclipse-workspace/JSP/apache-tomcat-8.5.37/webapps/chap14] has finished in [361] ms
16-Jan-2019 13:54:48.423 정보 [localhost-startStop-1] org.apache.catalina.startup.HostConfig.deployDirectory Deploying web application directory [/Users/kimyosub/eclipse-workspace/JSP/apache-tomcat-8.5.37/webapps/chap13]
16-Jan-2019 13:54:48.448 정보 [localhost-startStop-1] org.apache.catalina.startup.HostConfig.deployDirectory Deployment of web application directory [/Users/kimyosub/eclipse-workspace/JSP/apache-tomcat-8.5.37/webapps/chap13] has finished in [25] ms
16-Jan-2019 13:54:48.456 정보 [main] org.apache.coyote.AbstractProtocol.start Starting ProtocolHandler ["http-nio-8080"]
16-Jan-2019 13:54:48.474 정보 [main] org.apache.coyote.AbstractProtocol.start Starting ProtocolHandler ["ajp-nio-8009"]
16-Jan-2019 13:54:48.476 정보 [main] org.apache.catalina.startup.Catalina.start Server startup in 5413 ms
16-Jan-2019 13:55:00.301 정보 [main] org.apache.catalina.core.StandardServer.await A valid shutdown command was received via the shutdown port. Stopping the Server instance.
16-Jan-2019 13:55:00.303 정보 [main] org.apache.coyote.AbstractProtocol.pause Pausing ProtocolHandler ["http-nio-8080"]
16-Jan-2019 13:55:00.315 정보 [main] org.apache.coyote.AbstractProtocol.pause Pausing ProtocolHandler ["ajp-nio-8009"]
16-Jan-2019 13:55:00.323 정보 [main] org.apache.catalina.core.StandardService.stopInternal Stopping service [Catalina]
16-Jan-2019 13:55:00.404 경고 [localhost-startStop-2] org.apache.catalina.loader.WebappClassLoaderBase.clearReferencesJdbc The web application [chap20] registered the JDBC driver [com.mysql.jdbc.Driver] but failed to unregister it when the web application was stopped. To prevent a memory leak, the JDBC Driver has been forcibly unregistered.
16-Jan-2019 13:55:00.404 경고 [localhost-startStop-2] org.apache.catalina.loader.WebappClassLoaderBase.clearReferencesJdbc The web application [chap20] registered the JDBC driver [org.apache.commons.dbcp2.PoolingDriver] but failed to unregister it when the web application was stopped. To prevent a memory leak, the JDBC Driver has been forcibly unregistered.
16-Jan-2019 13:55:00.407 경고 [localhost-startStop-2] org.apache.catalina.loader.WebappClassLoaderBase.clearReferencesThreads The web application [chap20] appears to have started a thread named [Abandoned connection cleanup thread] but has failed to stop it. This is very likely to create a memory leak. Stack trace of thread:
 java.lang.Object.wait(Native Method)
 java.lang.ref.ReferenceQueue.remove(ReferenceQueue.java:144)
 com.mysql.jdbc.AbandonedConnectionCleanupThread.run(AbandonedConnectionCleanupThread.java:43)
16-Jan-2019 13:55:00.407 경고 [localhost-startStop-2] org.apache.catalina.loader.WebappClassLoaderBase.clearReferencesThreads The web application [chap20] appears to have started a thread named [commons-pool-EvictionTimer] but has failed to stop it. This is very likely to create a memory leak. Stack trace of thread:
 java.lang.Object.wait(Native Method)
 java.util.TimerThread.mainLoop(Timer.java:552)
 java.util.TimerThread.run(Timer.java:505)
16-Jan-2019 13:55:00.418 경고 [localhost-startStop-2] org.apache.catalina.loader.WebappClassLoaderBase.clearReferencesJdbc The web application [board] registered the JDBC driver [com.mysql.jdbc.Driver] but failed to unregister it when the web application was stopped. To prevent a memory leak, the JDBC Driver has been forcibly unregistered.
16-Jan-2019 13:55:00.419 경고 [localhost-startStop-2] org.apache.catalina.loader.WebappClassLoaderBase.clearReferencesJdbc The web application [board] registered the JDBC driver [org.apache.commons.dbcp2.PoolingDriver] but failed to unregister it when the web application was stopped. To prevent a memory leak, the JDBC Driver has been forcibly unregistered.
16-Jan-2019 13:55:00.419 경고 [localhost-startStop-2] org.apache.catalina.loader.WebappClassLoaderBase.clearReferencesThreads The web application [board] appears to have started a thread named [Abandoned connection cleanup thread] but has failed to stop it. This is very likely to create a memory leak. Stack trace of thread:
 java.lang.Object.wait(Native Method)
 java.lang.ref.ReferenceQueue.remove(ReferenceQueue.java:144)
 com.mysql.jdbc.AbandonedConnectionCleanupThread.run(AbandonedConnectionCleanupThread.java:43)
16-Jan-2019 13:55:00.420 경고 [localhost-startStop-2] org.apache.catalina.loader.WebappClassLoaderBase.clearReferencesThreads The web application [board] appears to have started a thread named [commons-pool-EvictionTimer] but has failed to stop it. This is very likely to create a memory leak. Stack trace of thread:
 java.lang.Object.wait(Native Method)
 java.util.TimerThread.mainLoop(Timer.java:552)
 java.util.TimerThread.run(Timer.java:505)
16-Jan-2019 13:55:00.474 경고 [localhost-startStop-2] org.apache.catalina.loader.WebappClassLoaderBase.clearReferencesJdbc The web application [chap17] registered the JDBC driver [com.mysql.jdbc.Driver] but failed to unregister it when the web application was stopped. To prevent a memory leak, the JDBC Driver has been forcibly unregistered.
16-Jan-2019 13:55:00.474 경고 [localhost-startStop-2] org.apache.catalina.loader.WebappClassLoaderBase.clearReferencesJdbc The web application [chap17] registered the JDBC driver [org.apache.commons.dbcp2.PoolingDriver] but failed to unregister it when the web application was stopped. To prevent a memory leak, the JDBC Driver has been forcibly unregistered.
16-Jan-2019 13:55:00.475 경고 [localhost-startStop-2] org.apache.catalina.loader.WebappClassLoaderBase.clearReferencesThreads The web application [chap17] appears to have started a thread named [Abandoned connection cleanup thread] but has failed to stop it. This is very likely to create a memory leak. Stack trace of thread:
 java.lang.Object.wait(Native Method)
 java.lang.ref.ReferenceQueue.remove(ReferenceQueue.java:144)
 com.mysql.jdbc.AbandonedConnectionCleanupThread.run(AbandonedConnectionCleanupThread.java:43)
16-Jan-2019 13:55:00.476 경고 [localhost-startStop-2] org.apache.catalina.loader.WebappClassLoaderBase.clearReferencesThreads The web application [chap17] appears to have started a thread named [commons-pool-EvictionTimer] but has failed to stop it. This is very likely to create a memory leak. Stack trace of thread:
 java.lang.Object.wait(Native Method)
 java.util.TimerThread.mainLoop(Timer.java:552)
 java.util.TimerThread.run(Timer.java:505)
16-Jan-2019 13:55:00.524 경고 [localhost-startStop-2] org.apache.catalina.loader.WebappClassLoaderBase.clearReferencesJdbc The web application [chap15] registered the JDBC driver [com.mysql.jdbc.Driver] but failed to unregister it when the web application was stopped. To prevent a memory leak, the JDBC Driver has been forcibly unregistered.
16-Jan-2019 13:55:00.524 경고 [localhost-startStop-2] org.apache.catalina.loader.WebappClassLoaderBase.clearReferencesJdbc The web application [chap15] registered the JDBC driver [org.apache.commons.dbcp2.PoolingDriver] but failed to unregister it when the web application was stopped. To prevent a memory leak, the JDBC Driver has been forcibly unregistered.
16-Jan-2019 13:55:00.525 경고 [localhost-startStop-2] org.apache.catalina.loader.WebappClassLoaderBase.clearReferencesThreads The web application [chap15] appears to have started a thread named [Abandoned connection cleanup thread] but has failed to stop it. This is very likely to create a memory leak. Stack trace of thread:
 java.lang.Object.wait(Native Method)
 java.lang.ref.ReferenceQueue.remove(ReferenceQueue.java:144)
 com.mysql.jdbc.AbandonedConnectionCleanupThread.run(AbandonedConnectionCleanupThread.java:43)
16-Jan-2019 13:55:00.525 경고 [localhost-startStop-2] org.apache.catalina.loader.WebappClassLoaderBase.clearReferencesThreads The web application [chap15] appears to have started a thread named [commons-pool-EvictionTimer] but has failed to stop it. This is very likely to create a memory leak. Stack trace of thread:
 java.lang.Object.wait(Native Method)
 java.util.TimerThread.mainLoop(Timer.java:552)
 java.util.TimerThread.run(Timer.java:505)
16-Jan-2019 13:55:00.530 경고 [localhost-startStop-2] org.apache.catalina.loader.WebappClassLoaderBase.clearReferencesJdbc The web application [chap14] registered the JDBC driver [com.mysql.jdbc.Driver] but failed to unregister it when the web application was stopped. To prevent a memory leak, the JDBC Driver has been forcibly unregistered.
16-Jan-2019 13:55:00.530 경고 [localhost-startStop-2] org.apache.catalina.loader.WebappClassLoaderBase.clearReferencesJdbc The web application [chap14] registered the JDBC driver [org.apache.commons.dbcp2.PoolingDriver] but failed to unregister it when the web application was stopped. To prevent a memory leak, the JDBC Driver has been forcibly unregistered.
16-Jan-2019 13:55:00.531 경고 [localhost-startStop-2] org.apache.catalina.loader.WebappClassLoaderBase.clearReferencesThreads The web application [chap14] appears to have started a thread named [Abandoned connection cleanup thread] but has failed to stop it. This is very likely to create a memory leak. Stack trace of thread:
 java.lang.Object.wait(Native Method)
 java.lang.ref.ReferenceQueue.remove(ReferenceQueue.java:144)
 com.mysql.jdbc.AbandonedConnectionCleanupThread.run(AbandonedConnectionCleanupThread.java:43)
16-Jan-2019 13:55:00.531 경고 [localhost-startStop-2] org.apache.catalina.loader.WebappClassLoaderBase.clearReferencesThreads The web application [chap14] appears to have started a thread named [commons-pool-EvictionTimer] but has failed to stop it. This is very likely to create a memory leak. Stack trace of thread:
 java.lang.Object.wait(Native Method)
 java.util.TimerThread.mainLoop(Timer.java:552)
 java.util.TimerThread.run(Timer.java:505)
16-Jan-2019 13:55:00.548 정보 [main] org.apache.coyote.AbstractProtocol.stop Stopping ProtocolHandler ["http-nio-8080"]
16-Jan-2019 13:55:00.553 정보 [main] org.apache.coyote.AbstractProtocol.stop Stopping ProtocolHandler ["ajp-nio-8009"]
16-Jan-2019 13:55:00.556 정보 [main] org.apache.coyote.AbstractProtocol.destroy Destroying ProtocolHandler ["http-nio-8080"]
16-Jan-2019 13:55:00.558 정보 [main] org.apache.coyote.AbstractProtocol.destroy Destroying ProtocolHandler ["ajp-nio-8009"]
